2018-05-27 18:42:48,235 :: DEBUG :: Iteration 0
2018-05-27 18:45:23,089 :: DEBUG :: Iteration 0
2018-05-27 18:46:10,780 :: DEBUG :: Iteration 0
2018-05-27 18:46:10,784 :: INFO :: Envoi de la postion au serveur avec location=Pas de piece aprise et confidence=1
2018-05-27 18:46:11,204 :: INFO :: Got task : {'id': 39, 'type': 'locate', 'arguments': None, 'datetime': 1526502440.0, 'completed': False}
2018-05-27 18:46:11,206 :: INFO :: Envoi de la postion au serveur avec location=Pas de piece aprise et confidence=1
2018-05-27 18:46:21,415 :: DEBUG :: Iteration 1
2018-05-27 18:46:31,542 :: DEBUG :: Iteration 2
2018-05-27 18:46:41,663 :: DEBUG :: Iteration 3
2018-05-27 18:46:51,773 :: DEBUG :: Iteration 4
2018-05-27 18:47:01,897 :: DEBUG :: Iteration 5
2018-05-27 18:47:02,124 :: INFO :: Got task : {'id': 40, 'type': 'learn', 'arguments': 'flemming_bureau', 'datetime': 1527439613.0, 'completed': False}
2018-05-27 18:47:02,126 :: WARNING :: Learning here for flemming_bureau
2018-05-27 18:58:59,067 :: DEBUG :: Iteration 6
2018-05-27 18:59:09,175 :: DEBUG :: Iteration 7
2018-05-27 18:59:19,305 :: DEBUG :: Iteration 8
2018-05-27 18:59:29,447 :: DEBUG :: Iteration 9
2018-05-27 18:59:39,546 :: DEBUG :: Iteration 10
2018-05-27 18:59:49,666 :: DEBUG :: Iteration 11
2018-05-27 18:59:59,776 :: DEBUG :: Iteration 12
2018-05-27 19:00:09,880 :: DEBUG :: Iteration 13
2018-05-27 19:00:20,082 :: DEBUG :: Iteration 14
2018-05-27 19:00:30,219 :: DEBUG :: Iteration 15
2018-05-27 19:00:40,332 :: DEBUG :: Iteration 16
2018-05-27 19:00:51,509 :: DEBUG :: Iteration 17
2018-05-27 19:01:01,632 :: DEBUG :: Iteration 18
2018-05-27 19:01:11,758 :: DEBUG :: Iteration 19
2018-05-27 19:01:21,912 :: DEBUG :: Iteration 20
2018-05-27 19:01:32,070 :: DEBUG :: Iteration 21
2018-05-27 19:01:42,279 :: DEBUG :: Iteration 22
2018-05-27 19:01:52,419 :: DEBUG :: Iteration 23
2018-05-27 19:02:02,553 :: DEBUG :: Iteration 24
2018-05-27 19:02:12,670 :: DEBUG :: Iteration 25
2018-05-27 19:02:22,803 :: DEBUG :: Iteration 26
2018-05-27 19:02:32,934 :: DEBUG :: Iteration 27
2018-05-27 19:02:43,105 :: DEBUG :: Iteration 28
2018-05-27 19:02:53,271 :: DEBUG :: Iteration 29
2018-05-27 19:02:54,352 :: INFO :: Envoi de la postion au serveur avec location=flemming_bureau et confidence=1.0
2018-05-27 19:03:04,627 :: DEBUG :: Iteration 30
2018-05-27 19:03:14,845 :: DEBUG :: Iteration 31
2018-05-27 19:03:24,963 :: DEBUG :: Iteration 32
2018-05-27 19:03:35,074 :: DEBUG :: Iteration 33
2018-05-27 19:03:45,273 :: DEBUG :: Iteration 34
2018-05-27 19:03:55,405 :: DEBUG :: Iteration 35
2018-05-27 19:04:05,576 :: DEBUG :: Iteration 36
2018-05-27 19:04:15,707 :: DEBUG :: Iteration 37
2018-05-27 19:04:30,835 :: DEBUG :: Iteration 38
2018-05-27 19:04:41,086 :: DEBUG :: Iteration 39
2018-05-30 08:45:07,197 :: DEBUG :: Iteration 0
2018-05-30 08:45:08,176 :: INFO :: Envoi de la postion au serveur avec location=flemming_bureau et confidence=1.0
2018-05-30 08:45:18,893 :: DEBUG :: Iteration 1
2018-05-30 08:45:29,038 :: DEBUG :: Iteration 2
2018-05-30 08:45:29,310 :: INFO :: Got task : {'id': 41, 'type': 'learn', 'arguments': 'C3', 'datetime': 1527662721.0, 'completed': False}
2018-05-30 08:45:29,312 :: WARNING :: Learning here for c3
2018-05-30 08:57:21,408 :: DEBUG :: Iteration 3
2018-05-30 08:57:31,528 :: DEBUG :: Iteration 4
2018-05-30 08:57:41,893 :: DEBUG :: Iteration 5
2018-05-30 08:57:52,093 :: DEBUG :: Iteration 6
2018-05-30 08:58:02,742 :: DEBUG :: Iteration 7
2018-05-30 08:58:12,919 :: DEBUG :: Iteration 8
2018-05-30 08:58:23,258 :: DEBUG :: Iteration 9
2018-05-30 08:58:33,382 :: DEBUG :: Iteration 10
2018-05-30 08:58:33,906 :: INFO :: Got task : {'id': 42, 'type': 'locate', 'arguments': None, 'datetime': 1527663513.0, 'completed': False}
2018-05-30 08:58:34,880 :: INFO :: Envoi de la postion au serveur avec location=c3 et confidence=1.0
2018-05-30 08:58:45,444 :: DEBUG :: Iteration 11
2018-05-30 08:58:55,596 :: DEBUG :: Iteration 12
2018-05-30 08:59:05,719 :: DEBUG :: Iteration 13
2018-05-30 08:59:16,008 :: DEBUG :: Iteration 14
2018-05-30 08:59:26,245 :: DEBUG :: Iteration 15
2018-05-30 08:59:36,398 :: DEBUG :: Iteration 16
2018-05-30 08:59:46,786 :: DEBUG :: Iteration 17
2018-05-30 08:59:57,021 :: DEBUG :: Iteration 18
2018-05-30 09:00:07,417 :: DEBUG :: Iteration 19
2018-05-30 09:00:17,948 :: DEBUG :: Iteration 20
2018-05-30 09:00:28,104 :: DEBUG :: Iteration 21
2018-05-30 09:00:38,267 :: DEBUG :: Iteration 22
2018-05-30 09:00:48,599 :: DEBUG :: Iteration 23
2018-05-30 09:00:58,774 :: DEBUG :: Iteration 24
2018-05-30 09:01:08,896 :: DEBUG :: Iteration 25
2018-05-30 09:01:19,185 :: DEBUG :: Iteration 26
2018-05-30 09:01:29,341 :: DEBUG :: Iteration 27
2018-05-30 09:01:39,496 :: DEBUG :: Iteration 28
2018-05-30 09:01:49,860 :: DEBUG :: Iteration 29
2018-05-30 09:01:50,854 :: INFO :: Envoi de la postion au serveur avec location=c3 et confidence=1.0
2018-05-30 09:02:01,151 :: DEBUG :: Iteration 30
2018-05-30 09:02:11,323 :: DEBUG :: Iteration 31
2018-05-30 09:02:21,472 :: DEBUG :: Iteration 32
2018-05-30 09:02:31,649 :: DEBUG :: Iteration 33
2018-05-30 09:02:41,830 :: DEBUG :: Iteration 34
2018-05-30 09:02:51,989 :: DEBUG :: Iteration 35
2018-05-30 09:03:02,131 :: DEBUG :: Iteration 36
2018-05-30 09:03:12,269 :: DEBUG :: Iteration 37
2018-05-30 09:03:22,429 :: DEBUG :: Iteration 38
2018-05-30 09:03:32,715 :: DEBUG :: Iteration 39
2018-05-30 09:03:42,999 :: DEBUG :: Iteration 40
2018-05-30 09:03:53,411 :: DEBUG :: Iteration 41
2018-05-30 09:04:03,567 :: DEBUG :: Iteration 42
2018-05-30 09:04:13,711 :: DEBUG :: Iteration 43
2018-05-30 09:04:23,908 :: DEBUG :: Iteration 44
2018-05-30 09:04:34,055 :: DEBUG :: Iteration 45
2018-05-30 09:04:44,190 :: DEBUG :: Iteration 46
2018-05-30 09:04:54,609 :: DEBUG :: Iteration 47
2018-05-30 09:05:04,954 :: DEBUG :: Iteration 48
2018-05-30 09:05:15,112 :: DEBUG :: Iteration 49
2018-05-30 09:05:25,457 :: DEBUG :: Iteration 50
2018-05-30 09:05:35,633 :: DEBUG :: Iteration 51
2018-05-30 09:05:46,001 :: DEBUG :: Iteration 52
2018-05-30 09:05:56,143 :: DEBUG :: Iteration 53
2018-05-30 09:06:06,526 :: DEBUG :: Iteration 54
2018-05-30 09:06:16,727 :: DEBUG :: Iteration 55
2018-05-30 09:06:26,880 :: DEBUG :: Iteration 56
2018-05-30 09:06:37,012 :: DEBUG :: Iteration 57
2018-05-30 09:06:48,084 :: DEBUG :: Iteration 58
2018-05-30 09:06:58,585 :: DEBUG :: Iteration 59
2018-05-30 09:06:59,579 :: INFO :: Envoi de la postion au serveur avec location=c3 et confidence=1.0
2018-05-30 09:07:09,953 :: DEBUG :: Iteration 60
2018-05-30 09:07:20,172 :: DEBUG :: Iteration 61
2018-05-30 09:07:30,529 :: DEBUG :: Iteration 62
2018-05-30 09:07:40,903 :: DEBUG :: Iteration 63
2018-05-30 09:07:51,037 :: DEBUG :: Iteration 64
2018-05-30 09:08:01,426 :: DEBUG :: Iteration 65
2018-05-30 09:08:11,571 :: DEBUG :: Iteration 66
2018-05-30 09:08:21,712 :: DEBUG :: Iteration 67
2018-05-30 09:08:32,077 :: DEBUG :: Iteration 68
2018-05-30 09:08:42,193 :: DEBUG :: Iteration 69
2018-05-30 09:08:52,449 :: DEBUG :: Iteration 70
2018-05-30 09:09:02,593 :: DEBUG :: Iteration 71
2018-05-30 09:09:12,722 :: DEBUG :: Iteration 72
2018-05-30 09:09:23,161 :: DEBUG :: Iteration 73
2018-05-30 09:09:33,290 :: DEBUG :: Iteration 74
2018-05-30 09:09:43,437 :: DEBUG :: Iteration 75
2018-05-30 09:09:53,596 :: DEBUG :: Iteration 76
2018-05-30 09:10:03,978 :: DEBUG :: Iteration 77
2018-05-30 09:10:14,196 :: DEBUG :: Iteration 78
2018-05-30 09:10:24,486 :: DEBUG :: Iteration 79
2018-05-30 09:10:34,614 :: DEBUG :: Iteration 80
2018-05-30 09:10:45,027 :: DEBUG :: Iteration 81
2018-05-30 09:10:55,386 :: DEBUG :: Iteration 82
2018-05-30 09:11:05,685 :: DEBUG :: Iteration 83
2018-05-30 09:11:16,067 :: DEBUG :: Iteration 84
2018-05-30 09:11:26,224 :: DEBUG :: Iteration 85
2018-05-30 09:11:36,348 :: DEBUG :: Iteration 86
2018-05-30 09:11:46,539 :: DEBUG :: Iteration 87
2018-05-30 09:11:56,738 :: DEBUG :: Iteration 88
2018-05-30 09:12:06,881 :: DEBUG :: Iteration 89
2018-05-30 09:12:07,882 :: INFO :: Envoi de la postion au serveur avec location=c3 et confidence=0.94
2018-05-30 09:12:18,164 :: DEBUG :: Iteration 90
2018-05-30 09:12:28,322 :: DEBUG :: Iteration 91
2018-05-30 09:12:38,503 :: DEBUG :: Iteration 92
2018-05-30 09:12:48,637 :: DEBUG :: Iteration 93
2018-05-30 09:12:58,768 :: DEBUG :: Iteration 94
2018-05-30 09:13:09,101 :: DEBUG :: Iteration 95
2018-05-30 09:13:19,223 :: DEBUG :: Iteration 96
2018-05-30 09:13:29,636 :: DEBUG :: Iteration 97
2018-05-30 09:13:39,754 :: DEBUG :: Iteration 98
2018-05-30 09:13:49,882 :: DEBUG :: Iteration 99
2018-05-30 09:14:00,222 :: DEBUG :: Iteration 100
2018-05-30 09:14:10,349 :: DEBUG :: Iteration 101
2018-05-30 09:14:20,473 :: DEBUG :: Iteration 102
2018-05-30 09:14:30,595 :: DEBUG :: Iteration 103
2018-05-30 09:14:40,707 :: DEBUG :: Iteration 104
2018-05-30 09:14:50,817 :: DEBUG :: Iteration 105
2018-05-30 09:15:00,973 :: DEBUG :: Iteration 106
2018-05-30 09:15:11,240 :: DEBUG :: Iteration 107
2018-05-30 09:15:21,668 :: DEBUG :: Iteration 108
2018-05-30 09:15:31,813 :: DEBUG :: Iteration 109
2018-05-30 09:15:41,964 :: DEBUG :: Iteration 110
2018-05-30 09:15:52,334 :: DEBUG :: Iteration 111
2018-05-30 09:16:02,471 :: DEBUG :: Iteration 112
2018-05-30 09:16:12,692 :: DEBUG :: Iteration 113
2018-05-30 09:16:22,831 :: DEBUG :: Iteration 114
2018-05-30 09:16:32,988 :: DEBUG :: Iteration 115
2018-05-30 09:16:43,128 :: DEBUG :: Iteration 116
2018-05-30 09:16:53,458 :: DEBUG :: Iteration 117
2018-05-30 09:17:03,569 :: DEBUG :: Iteration 118
2018-05-30 09:17:13,808 :: DEBUG :: Iteration 119
2018-05-30 09:17:14,803 :: INFO :: Envoi de la postion au serveur avec location=c3 et confidence=1.0
2018-05-30 09:17:25,282 :: DEBUG :: Iteration 120
2018-05-30 09:17:35,646 :: DEBUG :: Iteration 121
2018-05-30 09:17:46,318 :: DEBUG :: Iteration 122
2018-05-30 09:17:56,473 :: DEBUG :: Iteration 123
2018-05-30 09:18:06,702 :: DEBUG :: Iteration 124
2018-05-30 09:18:17,038 :: DEBUG :: Iteration 125
2018-05-30 09:18:27,192 :: DEBUG :: Iteration 126
2018-05-30 09:18:37,331 :: DEBUG :: Iteration 127
2018-05-30 09:18:47,488 :: DEBUG :: Iteration 128
2018-05-30 09:18:57,625 :: DEBUG :: Iteration 129
2018-05-30 09:19:08,004 :: DEBUG :: Iteration 130
2018-05-30 09:19:18,357 :: DEBUG :: Iteration 131
2018-05-30 09:19:28,484 :: DEBUG :: Iteration 132
2018-05-30 09:19:38,811 :: DEBUG :: Iteration 133
2018-05-30 09:19:48,942 :: DEBUG :: Iteration 134
2018-05-30 09:19:59,144 :: DEBUG :: Iteration 135
2018-05-30 09:20:09,277 :: DEBUG :: Iteration 136
2018-05-30 09:20:19,570 :: DEBUG :: Iteration 137
2018-05-30 09:20:29,698 :: DEBUG :: Iteration 138
2018-05-30 09:20:39,930 :: DEBUG :: Iteration 139
2018-05-30 09:20:50,073 :: DEBUG :: Iteration 140
2018-05-30 09:21:00,445 :: DEBUG :: Iteration 141
2018-05-30 09:21:10,817 :: DEBUG :: Iteration 142
2018-05-30 09:21:20,962 :: DEBUG :: Iteration 143
2018-05-30 09:21:31,254 :: DEBUG :: Iteration 144
2018-05-30 09:21:41,378 :: DEBUG :: Iteration 145
2018-05-30 09:21:51,646 :: DEBUG :: Iteration 146
2018-05-30 09:22:01,768 :: DEBUG :: Iteration 147
2018-05-30 09:22:11,902 :: DEBUG :: Iteration 148
2018-05-30 09:22:22,037 :: DEBUG :: Iteration 149
2018-05-30 09:22:23,016 :: INFO :: Envoi de la postion au serveur avec location=c3 et confidence=1.0
2018-05-30 09:22:33,308 :: DEBUG :: Iteration 150
2018-05-30 09:22:43,463 :: DEBUG :: Iteration 151
2018-05-30 09:22:53,857 :: DEBUG :: Iteration 152
2018-05-30 09:23:04,324 :: DEBUG :: Iteration 153
2018-05-30 09:23:14,546 :: DEBUG :: Iteration 154
2018-05-30 09:23:24,675 :: DEBUG :: Iteration 155
2018-05-30 09:23:34,795 :: DEBUG :: Iteration 156
2018-05-30 09:23:44,967 :: DEBUG :: Iteration 157
2018-05-30 09:23:55,337 :: DEBUG :: Iteration 158
2018-05-30 09:24:05,466 :: DEBUG :: Iteration 159
2018-05-30 09:24:15,594 :: DEBUG :: Iteration 160
2018-05-30 09:24:25,716 :: DEBUG :: Iteration 161
2018-05-30 09:24:35,847 :: DEBUG :: Iteration 162
2018-05-30 09:24:45,997 :: DEBUG :: Iteration 163
2018-05-30 09:24:56,171 :: DEBUG :: Iteration 164
2018-05-30 09:25:06,306 :: DEBUG :: Iteration 165
2018-05-30 09:25:16,725 :: DEBUG :: Iteration 166
2018-05-30 09:25:26,864 :: DEBUG :: Iteration 167
2018-05-30 09:25:37,243 :: DEBUG :: Iteration 168
2018-05-30 09:25:47,376 :: DEBUG :: Iteration 169
2018-05-30 09:25:57,499 :: DEBUG :: Iteration 170
2018-05-30 09:26:07,626 :: DEBUG :: Iteration 171
2018-05-30 09:26:17,757 :: DEBUG :: Iteration 172
2018-05-30 09:26:27,897 :: DEBUG :: Iteration 173
2018-05-30 09:26:38,077 :: DEBUG :: Iteration 174
2018-05-30 09:26:48,231 :: DEBUG :: Iteration 175
2018-05-30 09:26:58,585 :: DEBUG :: Iteration 176
2018-05-30 09:27:08,726 :: DEBUG :: Iteration 177
2018-05-30 09:27:18,851 :: DEBUG :: Iteration 178
2018-05-30 09:27:29,112 :: DEBUG :: Iteration 179
2018-05-30 09:27:30,107 :: INFO :: Envoi de la postion au serveur avec location=c3 et confidence=1.0
2018-05-30 09:27:40,348 :: DEBUG :: Iteration 180
2018-05-30 09:27:50,463 :: DEBUG :: Iteration 181
2018-05-30 09:28:00,645 :: DEBUG :: Iteration 182
2018-05-30 09:28:10,792 :: DEBUG :: Iteration 183
2018-05-30 09:28:21,043 :: DEBUG :: Iteration 184
2018-05-30 09:28:31,165 :: DEBUG :: Iteration 185
2018-05-30 09:28:41,289 :: DEBUG :: Iteration 186
2018-05-30 09:28:51,574 :: DEBUG :: Iteration 187
2018-05-30 09:29:01,708 :: DEBUG :: Iteration 188
2018-05-30 09:29:11,855 :: DEBUG :: Iteration 189
2018-05-30 09:29:22,058 :: DEBUG :: Iteration 190
2018-05-30 09:29:32,178 :: DEBUG :: Iteration 191
2018-05-30 09:29:42,319 :: DEBUG :: Iteration 192
2018-05-30 09:29:52,442 :: DEBUG :: Iteration 193
2018-05-30 09:30:02,588 :: DEBUG :: Iteration 194
2018-05-30 09:30:12,734 :: DEBUG :: Iteration 195
2018-05-30 09:30:23,104 :: DEBUG :: Iteration 196
2018-05-30 09:30:33,264 :: DEBUG :: Iteration 197
2018-05-30 09:30:43,498 :: DEBUG :: Iteration 198
2018-05-30 09:30:53,742 :: DEBUG :: Iteration 199
2018-05-30 09:31:03,886 :: DEBUG :: Iteration 200
2018-05-30 09:31:14,011 :: DEBUG :: Iteration 201
2018-05-30 09:31:24,358 :: DEBUG :: Iteration 202
2018-05-30 09:31:34,689 :: DEBUG :: Iteration 203
2018-05-30 09:31:44,836 :: DEBUG :: Iteration 204
2018-05-30 09:31:54,977 :: DEBUG :: Iteration 205
2018-05-30 09:32:05,122 :: DEBUG :: Iteration 206
2018-05-30 09:32:15,244 :: DEBUG :: Iteration 207
2018-05-30 09:32:25,644 :: DEBUG :: Iteration 208
2018-05-30 09:32:35,787 :: DEBUG :: Iteration 209
2018-05-30 09:32:36,789 :: INFO :: Envoi de la postion au serveur avec location=c3 et confidence=1.0
2018-05-30 09:32:47,054 :: DEBUG :: Iteration 210
2018-05-30 09:32:57,211 :: DEBUG :: Iteration 211
2018-05-30 09:33:07,393 :: DEBUG :: Iteration 212
2018-05-30 09:33:17,528 :: DEBUG :: Iteration 213
2018-05-30 09:33:27,676 :: DEBUG :: Iteration 214
2018-05-30 09:33:37,860 :: DEBUG :: Iteration 215
2018-05-30 09:33:47,998 :: DEBUG :: Iteration 216
2018-05-30 09:33:58,284 :: DEBUG :: Iteration 217
2018-05-30 09:34:08,691 :: DEBUG :: Iteration 218
2018-05-30 09:34:19,066 :: DEBUG :: Iteration 219
2018-05-30 09:34:29,238 :: DEBUG :: Iteration 220
2018-05-30 09:34:39,368 :: DEBUG :: Iteration 221
2018-05-30 09:34:49,558 :: DEBUG :: Iteration 222
2018-05-30 09:34:59,692 :: DEBUG :: Iteration 223
2018-05-30 09:35:09,839 :: DEBUG :: Iteration 224
2018-05-30 09:35:19,960 :: DEBUG :: Iteration 225
2018-05-30 09:35:30,331 :: DEBUG :: Iteration 226
2018-05-30 09:35:40,691 :: DEBUG :: Iteration 227
2018-05-30 09:35:51,041 :: DEBUG :: Iteration 228
2018-05-30 09:36:01,170 :: DEBUG :: Iteration 229
2018-05-30 09:36:11,300 :: DEBUG :: Iteration 230
2018-05-30 09:36:21,433 :: DEBUG :: Iteration 231
2018-05-30 09:36:31,562 :: DEBUG :: Iteration 232
2018-05-30 09:36:41,683 :: DEBUG :: Iteration 233
2018-05-30 09:36:51,810 :: DEBUG :: Iteration 234
2018-05-30 09:37:01,923 :: DEBUG :: Iteration 235
2018-05-30 09:37:12,083 :: DEBUG :: Iteration 236
2018-05-30 09:37:22,213 :: DEBUG :: Iteration 237
2018-05-30 09:37:32,348 :: DEBUG :: Iteration 238
2018-05-30 09:37:42,478 :: DEBUG :: Iteration 239
2018-05-30 09:37:43,455 :: INFO :: Envoi de la postion au serveur avec location=c3 et confidence=1.0
2018-05-30 09:37:53,755 :: DEBUG :: Iteration 240
2018-05-30 09:38:04,233 :: DEBUG :: Iteration 241
2018-05-30 09:38:14,572 :: DEBUG :: Iteration 242
2018-05-30 09:38:24,758 :: DEBUG :: Iteration 243
2018-05-30 09:38:34,982 :: DEBUG :: Iteration 244
2018-05-30 09:38:45,292 :: DEBUG :: Iteration 245
2018-05-30 09:38:55,421 :: DEBUG :: Iteration 246
2018-05-30 09:39:05,610 :: DEBUG :: Iteration 247
2018-05-30 09:39:15,758 :: DEBUG :: Iteration 248
2018-05-30 09:39:25,886 :: DEBUG :: Iteration 249
2018-05-30 09:39:36,005 :: DEBUG :: Iteration 250
2018-05-30 09:39:46,128 :: DEBUG :: Iteration 251
2018-05-30 09:39:56,258 :: DEBUG :: Iteration 252
2018-05-30 09:40:06,478 :: DEBUG :: Iteration 253
2018-05-30 09:40:16,612 :: DEBUG :: Iteration 254
2018-05-30 09:40:26,745 :: DEBUG :: Iteration 255
2018-05-30 09:40:37,100 :: DEBUG :: Iteration 256
2018-05-30 09:40:47,256 :: DEBUG :: Iteration 257
2018-05-30 09:40:57,397 :: DEBUG :: Iteration 258
2018-05-30 09:41:07,528 :: DEBUG :: Iteration 259
2018-05-30 09:41:17,663 :: DEBUG :: Iteration 260
2018-05-30 09:41:27,829 :: DEBUG :: Iteration 261
2018-05-30 09:41:37,965 :: DEBUG :: Iteration 262
2018-05-30 09:41:48,186 :: DEBUG :: Iteration 263
2018-05-30 09:41:58,338 :: DEBUG :: Iteration 264
2018-05-30 09:42:08,476 :: DEBUG :: Iteration 265
2018-05-30 09:42:18,602 :: DEBUG :: Iteration 266
2018-05-30 09:42:28,744 :: DEBUG :: Iteration 267
2018-05-30 09:42:38,874 :: DEBUG :: Iteration 268
2018-05-30 09:42:49,006 :: DEBUG :: Iteration 269
2018-05-30 09:42:49,999 :: INFO :: Envoi de la postion au serveur avec location=c3 et confidence=0.97
2018-05-30 09:43:00,231 :: DEBUG :: Iteration 270
2018-05-30 09:43:10,375 :: DEBUG :: Iteration 271
2018-05-30 09:43:20,534 :: DEBUG :: Iteration 272
2018-05-30 09:43:30,706 :: DEBUG :: Iteration 273
2018-05-30 09:43:41,115 :: DEBUG :: Iteration 274
2018-05-30 09:43:51,243 :: DEBUG :: Iteration 275
2018-05-30 09:44:01,376 :: DEBUG :: Iteration 276
2018-05-30 09:44:11,814 :: DEBUG :: Iteration 277
2018-05-30 09:44:21,946 :: DEBUG :: Iteration 278
2018-05-30 09:44:32,165 :: DEBUG :: Iteration 279
2018-05-30 09:44:42,534 :: DEBUG :: Iteration 280
2018-05-30 09:44:52,655 :: DEBUG :: Iteration 281
2018-05-30 09:45:03,012 :: DEBUG :: Iteration 282
2018-05-30 09:45:13,156 :: DEBUG :: Iteration 283
2018-05-30 09:45:23,315 :: DEBUG :: Iteration 284
2018-05-30 09:45:33,477 :: DEBUG :: Iteration 285
2018-05-30 09:45:43,616 :: DEBUG :: Iteration 286
2018-05-30 09:45:54,050 :: DEBUG :: Iteration 287
2018-05-30 09:46:04,320 :: DEBUG :: Iteration 288
2018-05-30 09:46:14,651 :: DEBUG :: Iteration 289
2018-05-30 09:46:24,773 :: DEBUG :: Iteration 290
2018-05-30 09:46:34,915 :: DEBUG :: Iteration 291
2018-05-30 09:46:45,045 :: DEBUG :: Iteration 292
2018-05-30 09:46:55,404 :: DEBUG :: Iteration 293
2018-05-30 09:47:05,633 :: DEBUG :: Iteration 294
2018-05-30 09:47:15,982 :: DEBUG :: Iteration 295
2018-05-30 09:47:26,116 :: DEBUG :: Iteration 296
2018-05-30 09:47:36,543 :: DEBUG :: Iteration 297
2018-05-30 09:47:46,683 :: DEBUG :: Iteration 298
2018-05-30 09:47:56,823 :: DEBUG :: Iteration 299
2018-05-30 09:47:57,820 :: INFO :: Envoi de la postion au serveur avec location=c3 et confidence=1.0
2018-05-30 09:48:08,359 :: DEBUG :: Iteration 300
2018-05-30 09:48:18,477 :: DEBUG :: Iteration 301
2018-05-30 09:48:28,896 :: DEBUG :: Iteration 302
2018-05-30 09:48:39,019 :: DEBUG :: Iteration 303
2018-05-30 09:48:49,151 :: DEBUG :: Iteration 304
2018-05-30 09:48:59,455 :: DEBUG :: Iteration 305
2018-05-30 09:49:09,652 :: DEBUG :: Iteration 306
2018-05-30 09:49:19,800 :: DEBUG :: Iteration 307
2018-05-30 09:49:29,937 :: DEBUG :: Iteration 308
2018-05-30 09:49:40,057 :: DEBUG :: Iteration 309
2018-05-30 09:49:50,499 :: DEBUG :: Iteration 310
2018-05-30 09:50:00,715 :: DEBUG :: Iteration 311
2018-05-30 09:50:10,849 :: DEBUG :: Iteration 312
2018-05-30 09:50:20,992 :: DEBUG :: Iteration 313
2018-05-30 09:50:31,324 :: DEBUG :: Iteration 314
2018-05-30 09:50:41,521 :: DEBUG :: Iteration 315
2018-05-30 09:50:51,642 :: DEBUG :: Iteration 316
2018-05-30 09:51:01,812 :: DEBUG :: Iteration 317
2018-05-30 09:51:11,944 :: DEBUG :: Iteration 318
2018-05-30 09:51:22,072 :: DEBUG :: Iteration 319
2018-05-30 09:51:32,185 :: DEBUG :: Iteration 320
2018-05-30 09:51:42,317 :: DEBUG :: Iteration 321
2018-05-30 09:51:52,491 :: DEBUG :: Iteration 322
2018-05-30 09:52:02,663 :: DEBUG :: Iteration 323
2018-05-30 09:52:12,802 :: DEBUG :: Iteration 324
2018-05-30 09:52:22,923 :: DEBUG :: Iteration 325
2018-05-30 09:52:33,112 :: DEBUG :: Iteration 326
2018-05-30 09:52:43,241 :: DEBUG :: Iteration 327
2018-05-30 09:52:53,696 :: DEBUG :: Iteration 328
2018-05-30 09:53:03,812 :: DEBUG :: Iteration 329
2018-05-30 09:53:04,804 :: INFO :: Envoi de la postion au serveur avec location=c3 et confidence=0.97
2018-05-30 09:53:15,109 :: DEBUG :: Iteration 330
2018-05-30 09:53:25,245 :: DEBUG :: Iteration 331
2018-05-30 09:53:35,477 :: DEBUG :: Iteration 332
2018-05-30 09:53:45,931 :: DEBUG :: Iteration 333
2018-05-30 09:53:56,213 :: DEBUG :: Iteration 334
2018-05-30 09:54:06,576 :: DEBUG :: Iteration 335
2018-05-30 09:54:16,712 :: DEBUG :: Iteration 336
2018-05-30 09:54:26,854 :: DEBUG :: Iteration 337
2018-05-30 09:54:36,995 :: DEBUG :: Iteration 338
2018-05-30 09:54:47,331 :: DEBUG :: Iteration 339
2018-05-30 09:54:57,472 :: DEBUG :: Iteration 340
2018-05-30 09:55:07,822 :: DEBUG :: Iteration 341
2018-05-30 09:55:17,980 :: DEBUG :: Iteration 342
2018-05-30 09:55:28,118 :: DEBUG :: Iteration 343
2018-05-30 09:55:38,540 :: DEBUG :: Iteration 344
2018-05-30 09:55:48,778 :: DEBUG :: Iteration 345
2018-05-30 09:55:58,897 :: DEBUG :: Iteration 346
2018-05-30 09:56:09,074 :: DEBUG :: Iteration 347
2018-05-30 09:56:19,210 :: DEBUG :: Iteration 348
2018-05-30 09:56:29,347 :: DEBUG :: Iteration 349
2018-05-30 09:56:39,487 :: DEBUG :: Iteration 350
2018-05-30 09:56:49,636 :: DEBUG :: Iteration 351
2018-05-30 09:56:59,783 :: DEBUG :: Iteration 352
2018-05-30 09:57:10,004 :: DEBUG :: Iteration 353
2018-05-30 09:57:20,142 :: DEBUG :: Iteration 354
2018-05-30 09:57:30,337 :: DEBUG :: Iteration 355
2018-05-30 09:57:40,465 :: DEBUG :: Iteration 356
2018-05-30 09:57:50,821 :: DEBUG :: Iteration 357
2018-05-30 09:58:00,954 :: DEBUG :: Iteration 358
2018-05-30 09:58:11,209 :: DEBUG :: Iteration 359
2018-05-30 09:58:12,213 :: INFO :: Envoi de la postion au serveur avec location=c3 et confidence=1.0
2018-05-30 09:58:22,507 :: DEBUG :: Iteration 360
2018-05-30 09:58:32,937 :: DEBUG :: Iteration 361
2018-05-30 09:58:43,097 :: DEBUG :: Iteration 362
2018-05-30 09:58:53,340 :: DEBUG :: Iteration 363
2018-05-30 09:59:03,496 :: DEBUG :: Iteration 364
2018-05-30 09:59:13,876 :: DEBUG :: Iteration 365
2018-05-30 09:59:24,025 :: DEBUG :: Iteration 366
2018-05-30 09:59:34,166 :: DEBUG :: Iteration 367
2018-05-30 09:59:44,318 :: DEBUG :: Iteration 368
2018-05-30 09:59:54,484 :: DEBUG :: Iteration 369
2018-05-30 10:00:04,893 :: DEBUG :: Iteration 370
2018-05-30 10:00:15,026 :: DEBUG :: Iteration 371
2018-05-30 10:00:25,262 :: DEBUG :: Iteration 372
2018-05-30 10:00:35,426 :: DEBUG :: Iteration 373
2018-05-30 10:00:45,794 :: DEBUG :: Iteration 374
2018-05-30 10:00:56,121 :: DEBUG :: Iteration 375
2018-05-30 10:01:06,284 :: DEBUG :: Iteration 376
2018-05-30 10:01:16,405 :: DEBUG :: Iteration 377
2018-05-30 10:01:26,525 :: DEBUG :: Iteration 378
2018-05-30 10:01:36,892 :: DEBUG :: Iteration 379
2018-05-30 10:01:47,089 :: DEBUG :: Iteration 380
2018-05-30 10:01:57,224 :: DEBUG :: Iteration 381
2018-05-30 10:02:07,346 :: DEBUG :: Iteration 382
2018-05-30 10:02:17,554 :: DEBUG :: Iteration 383
2018-05-30 10:02:27,691 :: DEBUG :: Iteration 384
2018-05-30 10:02:37,823 :: DEBUG :: Iteration 385
2018-05-30 10:02:47,977 :: DEBUG :: Iteration 386
2018-05-30 10:02:58,154 :: DEBUG :: Iteration 387
2018-05-30 10:03:08,299 :: DEBUG :: Iteration 388
2018-05-30 10:03:18,674 :: DEBUG :: Iteration 389
2018-05-30 10:03:19,654 :: INFO :: Envoi de la postion au serveur avec location=c3 et confidence=1.0
2018-05-30 10:03:30,210 :: DEBUG :: Iteration 390
2018-05-30 10:03:40,331 :: DEBUG :: Iteration 391
2018-05-30 10:03:50,463 :: DEBUG :: Iteration 392
2018-05-30 10:04:00,845 :: DEBUG :: Iteration 393
2018-05-30 10:04:10,976 :: DEBUG :: Iteration 394
2018-05-30 10:04:21,338 :: DEBUG :: Iteration 395
2018-05-30 10:04:31,477 :: DEBUG :: Iteration 396
2018-05-30 10:04:41,594 :: DEBUG :: Iteration 397
2018-05-30 10:04:51,726 :: DEBUG :: Iteration 398
2018-05-30 10:05:02,082 :: DEBUG :: Iteration 399
2018-05-30 10:05:12,391 :: DEBUG :: Iteration 400
2018-05-30 10:05:22,530 :: DEBUG :: Iteration 401
2018-05-30 10:05:32,655 :: DEBUG :: Iteration 402
2018-05-30 10:05:42,802 :: DEBUG :: Iteration 403
2018-05-30 10:05:53,191 :: DEBUG :: Iteration 404
2018-05-30 10:06:03,313 :: DEBUG :: Iteration 405
2018-05-30 10:06:13,513 :: DEBUG :: Iteration 406
2018-05-30 10:06:23,655 :: DEBUG :: Iteration 407
2018-05-30 10:06:33,892 :: DEBUG :: Iteration 408
2018-05-30 10:06:44,012 :: DEBUG :: Iteration 409
2018-05-30 10:06:54,130 :: DEBUG :: Iteration 410
2018-05-30 10:07:04,466 :: DEBUG :: Iteration 411
2018-05-30 10:07:14,825 :: DEBUG :: Iteration 412
2018-05-30 10:07:25,153 :: DEBUG :: Iteration 413
2018-05-30 10:07:35,342 :: DEBUG :: Iteration 414
2018-05-30 10:07:45,744 :: DEBUG :: Iteration 415
2018-05-30 10:07:55,896 :: DEBUG :: Iteration 416
2018-05-30 10:08:06,120 :: DEBUG :: Iteration 417
2018-05-30 10:08:16,254 :: DEBUG :: Iteration 418
2018-05-30 10:08:26,384 :: DEBUG :: Iteration 419
2018-05-30 10:08:27,369 :: INFO :: Envoi de la postion au serveur avec location=c3 et confidence=0.94
2018-05-30 10:08:37,627 :: DEBUG :: Iteration 420
2018-05-30 10:08:47,821 :: DEBUG :: Iteration 421
2018-05-30 10:08:58,100 :: DEBUG :: Iteration 422
2018-05-30 10:09:08,511 :: DEBUG :: Iteration 423
2018-05-30 10:09:18,680 :: DEBUG :: Iteration 424
2018-05-30 10:09:28,803 :: DEBUG :: Iteration 425
2018-05-30 10:09:39,160 :: DEBUG :: Iteration 426
2018-05-30 10:09:49,519 :: DEBUG :: Iteration 427
2018-05-30 10:09:59,677 :: DEBUG :: Iteration 428
2018-05-30 10:10:09,818 :: DEBUG :: Iteration 429
2018-05-30 10:10:19,963 :: DEBUG :: Iteration 430
2018-05-30 10:10:30,108 :: DEBUG :: Iteration 431
2018-05-30 10:10:40,255 :: DEBUG :: Iteration 432
2018-05-30 10:10:50,370 :: DEBUG :: Iteration 433
2018-05-30 10:11:00,493 :: DEBUG :: Iteration 434
2018-05-30 10:11:10,643 :: DEBUG :: Iteration 435
2018-05-30 10:11:20,793 :: DEBUG :: Iteration 436
2018-05-30 10:11:31,099 :: DEBUG :: Iteration 437
2018-05-30 10:11:41,320 :: DEBUG :: Iteration 438
2018-05-30 10:11:51,441 :: DEBUG :: Iteration 439
2018-05-30 10:12:01,668 :: DEBUG :: Iteration 440
2018-05-30 10:12:11,806 :: DEBUG :: Iteration 441
2018-05-30 10:12:22,194 :: DEBUG :: Iteration 442
2018-05-30 10:12:32,336 :: DEBUG :: Iteration 443
2018-05-30 10:12:42,758 :: DEBUG :: Iteration 444
2018-05-30 10:12:52,908 :: DEBUG :: Iteration 445
2018-05-30 10:13:03,048 :: DEBUG :: Iteration 446
2018-05-30 10:13:13,190 :: DEBUG :: Iteration 447
2018-05-30 10:13:23,547 :: DEBUG :: Iteration 448
2018-05-30 10:13:33,751 :: DEBUG :: Iteration 449
2018-05-30 10:13:34,732 :: INFO :: Envoi de la postion au serveur avec location=c3 et confidence=1.0
2018-05-30 10:13:45,179 :: DEBUG :: Iteration 450
2018-05-30 10:13:55,313 :: DEBUG :: Iteration 451
2018-05-30 10:14:05,554 :: DEBUG :: Iteration 452
2018-05-30 10:14:15,946 :: DEBUG :: Iteration 453
2018-05-30 10:14:26,161 :: DEBUG :: Iteration 454
2018-05-30 10:14:36,452 :: DEBUG :: Iteration 455
2018-05-30 10:14:46,628 :: DEBUG :: Iteration 456
2018-05-30 10:14:56,820 :: DEBUG :: Iteration 457
2018-05-30 10:15:06,954 :: DEBUG :: Iteration 458
2018-05-30 10:15:17,333 :: DEBUG :: Iteration 459
2018-05-30 10:15:27,505 :: DEBUG :: Iteration 460
2018-05-30 10:15:37,640 :: DEBUG :: Iteration 461
2018-05-30 10:15:47,772 :: DEBUG :: Iteration 462
2018-05-30 10:15:57,915 :: DEBUG :: Iteration 463
2018-05-30 10:16:08,383 :: DEBUG :: Iteration 464
2018-05-30 10:16:18,545 :: DEBUG :: Iteration 465
2018-05-30 10:16:28,770 :: DEBUG :: Iteration 466
2018-05-30 10:16:38,958 :: DEBUG :: Iteration 467
2018-05-30 10:16:49,113 :: DEBUG :: Iteration 468
2018-05-30 10:16:59,239 :: DEBUG :: Iteration 469
2018-05-30 10:17:09,363 :: DEBUG :: Iteration 470
2018-05-30 10:17:19,513 :: DEBUG :: Iteration 471
2018-05-30 10:17:29,679 :: DEBUG :: Iteration 472
2018-05-30 10:17:39,806 :: DEBUG :: Iteration 473
2018-05-30 10:17:49,950 :: DEBUG :: Iteration 474
2018-05-30 10:18:00,136 :: DEBUG :: Iteration 475
2018-05-30 10:18:10,281 :: DEBUG :: Iteration 476
2018-05-30 10:18:20,425 :: DEBUG :: Iteration 477
2018-05-30 10:18:30,813 :: DEBUG :: Iteration 478
2018-05-30 10:18:40,946 :: DEBUG :: Iteration 479
2018-05-30 10:18:41,941 :: INFO :: Envoi de la postion au serveur avec location=c3 et confidence=0.97
2018-05-30 10:18:52,534 :: DEBUG :: Iteration 480
2018-05-30 10:19:02,787 :: DEBUG :: Iteration 481
2018-05-30 10:19:12,956 :: DEBUG :: Iteration 482
2018-05-30 10:19:23,084 :: DEBUG :: Iteration 483
2018-05-30 10:19:33,226 :: DEBUG :: Iteration 484
2018-05-30 10:19:43,409 :: DEBUG :: Iteration 485
2018-05-30 10:19:53,662 :: DEBUG :: Iteration 486
2018-05-30 10:20:03,786 :: DEBUG :: Iteration 487
2018-05-30 10:20:13,936 :: DEBUG :: Iteration 488
2018-05-30 10:20:24,290 :: DEBUG :: Iteration 489
2018-05-30 10:20:34,435 :: DEBUG :: Iteration 490
2018-05-30 10:20:44,559 :: DEBUG :: Iteration 491
2018-05-30 10:20:54,723 :: DEBUG :: Iteration 492
2018-05-30 10:21:04,877 :: DEBUG :: Iteration 493
2018-05-30 10:21:15,016 :: DEBUG :: Iteration 494
2018-05-30 10:21:25,136 :: DEBUG :: Iteration 495
2018-05-30 10:21:35,266 :: DEBUG :: Iteration 496
2018-05-30 10:21:45,396 :: DEBUG :: Iteration 497
2018-05-30 10:21:55,556 :: DEBUG :: Iteration 498
2018-05-30 10:22:05,709 :: DEBUG :: Iteration 499
2018-05-30 10:22:15,847 :: DEBUG :: Iteration 500
2018-05-30 10:22:26,173 :: DEBUG :: Iteration 501
2018-05-30 10:22:36,303 :: DEBUG :: Iteration 502
2018-05-30 10:22:46,443 :: DEBUG :: Iteration 503
2018-05-30 10:22:56,700 :: DEBUG :: Iteration 504
2018-05-30 10:23:06,878 :: DEBUG :: Iteration 505
2018-05-30 10:23:17,025 :: DEBUG :: Iteration 506
2018-05-30 10:23:27,155 :: DEBUG :: Iteration 507
2018-05-30 10:23:37,320 :: DEBUG :: Iteration 508
2018-05-30 10:23:47,516 :: DEBUG :: Iteration 509
2018-05-30 10:23:48,509 :: INFO :: Envoi de la postion au serveur avec location=c3 et confidence=0.9
2018-05-30 10:23:58,781 :: DEBUG :: Iteration 510
2018-05-30 10:24:09,117 :: DEBUG :: Iteration 511
2018-05-30 10:24:19,240 :: DEBUG :: Iteration 512
2018-05-30 10:24:29,394 :: DEBUG :: Iteration 513
2018-05-30 10:24:40,085 :: DEBUG :: Iteration 514
2018-05-30 10:24:50,479 :: DEBUG :: Iteration 515
2018-05-30 10:25:00,646 :: DEBUG :: Iteration 516
2018-05-30 10:25:10,799 :: DEBUG :: Iteration 517
2018-05-30 10:25:20,949 :: DEBUG :: Iteration 518
2018-05-30 10:25:31,080 :: DEBUG :: Iteration 519
2018-05-30 10:25:41,224 :: DEBUG :: Iteration 520
2018-05-30 10:25:51,360 :: DEBUG :: Iteration 521
2018-05-30 10:26:01,510 :: DEBUG :: Iteration 522
2018-05-30 10:26:11,665 :: DEBUG :: Iteration 523
2018-05-30 10:26:21,807 :: DEBUG :: Iteration 524
2018-05-30 10:26:31,946 :: DEBUG :: Iteration 525
2018-05-30 10:26:42,103 :: DEBUG :: Iteration 526
2018-05-30 10:26:52,240 :: DEBUG :: Iteration 527
2018-05-30 10:27:02,432 :: DEBUG :: Iteration 528
2018-05-30 10:27:12,564 :: DEBUG :: Iteration 529
2018-05-30 10:27:22,690 :: DEBUG :: Iteration 530
2018-05-30 10:27:32,843 :: DEBUG :: Iteration 531
2018-05-30 10:27:42,977 :: DEBUG :: Iteration 532
2018-05-30 10:27:53,141 :: DEBUG :: Iteration 533
2018-05-30 10:28:03,278 :: DEBUG :: Iteration 534
2018-05-30 10:28:13,416 :: DEBUG :: Iteration 535
2018-05-30 10:28:23,609 :: DEBUG :: Iteration 536
2018-05-30 10:28:33,749 :: DEBUG :: Iteration 537
2018-05-30 10:28:43,907 :: DEBUG :: Iteration 538
2018-05-30 10:28:54,262 :: DEBUG :: Iteration 539
2018-05-30 10:28:55,229 :: INFO :: Envoi de la postion au serveur avec location=c3 et confidence=1.0
2018-05-30 10:29:05,507 :: DEBUG :: Iteration 540
2018-05-30 10:29:15,665 :: DEBUG :: Iteration 541
2018-05-30 10:29:25,794 :: DEBUG :: Iteration 542
2018-05-30 10:29:35,985 :: DEBUG :: Iteration 543
2018-05-30 10:29:46,150 :: DEBUG :: Iteration 544
2018-05-30 10:29:56,623 :: DEBUG :: Iteration 545
2018-05-30 10:30:06,758 :: DEBUG :: Iteration 546
2018-05-30 10:30:16,926 :: DEBUG :: Iteration 547
2018-05-30 10:30:27,068 :: DEBUG :: Iteration 548
2018-05-30 10:30:37,474 :: DEBUG :: Iteration 549
2018-05-30 10:30:47,692 :: DEBUG :: Iteration 550
2018-05-30 10:30:57,826 :: DEBUG :: Iteration 551
2018-05-30 10:31:08,054 :: DEBUG :: Iteration 552
2018-05-30 10:31:18,211 :: DEBUG :: Iteration 553
2018-05-30 10:31:28,746 :: DEBUG :: Iteration 554
2018-05-30 10:31:38,908 :: DEBUG :: Iteration 555
2018-05-30 10:31:49,063 :: DEBUG :: Iteration 556
2018-05-30 10:31:59,240 :: DEBUG :: Iteration 557
2018-05-30 10:32:09,386 :: DEBUG :: Iteration 558
2018-05-30 10:32:19,559 :: DEBUG :: Iteration 559
2018-05-30 10:32:29,710 :: DEBUG :: Iteration 560
2018-05-30 10:32:39,869 :: DEBUG :: Iteration 561
2018-05-30 10:32:50,104 :: DEBUG :: Iteration 562
2018-05-30 10:33:00,288 :: DEBUG :: Iteration 563
2018-05-30 10:33:10,421 :: DEBUG :: Iteration 564
2018-05-30 10:33:20,742 :: DEBUG :: Iteration 565
2018-05-30 10:33:30,900 :: DEBUG :: Iteration 566
2018-05-30 10:33:41,069 :: DEBUG :: Iteration 567
2018-05-30 10:33:51,289 :: DEBUG :: Iteration 568
2018-05-30 10:34:01,665 :: DEBUG :: Iteration 569
2018-05-30 10:34:02,654 :: INFO :: Envoi de la postion au serveur avec location=c3 et confidence=1.0
2018-05-30 10:34:13,975 :: DEBUG :: Iteration 570
2018-05-30 10:34:24,119 :: DEBUG :: Iteration 571
2018-05-30 10:34:34,245 :: DEBUG :: Iteration 572
2018-05-30 10:34:44,389 :: DEBUG :: Iteration 573
2018-05-30 10:34:54,575 :: DEBUG :: Iteration 574
2018-05-30 10:35:04,982 :: DEBUG :: Iteration 575
2018-05-30 10:35:15,142 :: DEBUG :: Iteration 576
2018-05-30 10:35:25,621 :: DEBUG :: Iteration 577
2018-05-30 10:35:35,766 :: DEBUG :: Iteration 578
2018-05-30 10:35:45,936 :: DEBUG :: Iteration 579
2018-05-30 10:35:56,085 :: DEBUG :: Iteration 580
2018-05-30 10:36:06,205 :: DEBUG :: Iteration 581
2018-05-30 10:36:16,359 :: DEBUG :: Iteration 582
2018-05-30 10:36:26,507 :: DEBUG :: Iteration 583
2018-05-30 10:36:36,633 :: DEBUG :: Iteration 584
2018-05-30 10:36:46,753 :: DEBUG :: Iteration 585
2018-05-30 10:36:56,961 :: DEBUG :: Iteration 586
2018-05-30 10:37:07,093 :: DEBUG :: Iteration 587
2018-05-30 10:37:17,233 :: DEBUG :: Iteration 588
2018-05-30 10:37:27,355 :: DEBUG :: Iteration 589
2018-05-30 10:37:37,476 :: DEBUG :: Iteration 590
2018-05-30 10:37:47,672 :: DEBUG :: Iteration 591
2018-05-30 10:37:57,792 :: DEBUG :: Iteration 592
2018-05-30 10:38:08,156 :: DEBUG :: Iteration 593
2018-05-30 10:38:18,306 :: DEBUG :: Iteration 594
2018-05-30 10:38:28,534 :: DEBUG :: Iteration 595
2018-05-30 10:38:38,850 :: DEBUG :: Iteration 596
2018-05-30 10:38:49,241 :: DEBUG :: Iteration 597
2018-05-30 13:11:53,980 :: DEBUG :: Iteration 0
2018-05-30 13:11:55,052 :: INFO :: Envoi de la postion au serveur avec location=c3 et confidence=0.91
2018-05-30 13:12:05,223 :: DEBUG :: Iteration 1
2018-05-30 13:12:15,318 :: DEBUG :: Iteration 2
2018-05-30 13:12:25,404 :: DEBUG :: Iteration 3
2018-05-30 13:12:35,490 :: DEBUG :: Iteration 4
2018-05-30 13:12:45,584 :: DEBUG :: Iteration 5
2018-05-30 13:12:55,738 :: DEBUG :: Iteration 6
2018-05-30 13:13:05,927 :: DEBUG :: Iteration 7
2018-05-30 13:13:16,025 :: DEBUG :: Iteration 8
2018-05-30 13:13:26,109 :: DEBUG :: Iteration 9
2018-05-30 13:13:36,201 :: DEBUG :: Iteration 10
2018-05-30 13:13:46,281 :: DEBUG :: Iteration 11
2018-05-30 13:13:56,375 :: DEBUG :: Iteration 12
2018-05-30 13:14:06,494 :: DEBUG :: Iteration 13
2018-05-30 13:14:16,585 :: DEBUG :: Iteration 14
2018-05-30 13:14:26,680 :: DEBUG :: Iteration 15
2018-05-30 13:14:36,766 :: DEBUG :: Iteration 16
2018-05-30 13:14:47,222 :: DEBUG :: Iteration 17
2018-05-30 13:14:57,314 :: DEBUG :: Iteration 18
2018-05-30 13:15:07,406 :: DEBUG :: Iteration 19
2018-05-30 13:15:17,501 :: DEBUG :: Iteration 20
2018-05-30 13:15:27,597 :: DEBUG :: Iteration 21
2018-05-30 13:15:37,690 :: DEBUG :: Iteration 22
2018-05-30 13:15:47,779 :: DEBUG :: Iteration 23
2018-05-30 13:15:57,879 :: DEBUG :: Iteration 24
2018-05-30 13:16:07,992 :: DEBUG :: Iteration 25
2018-05-30 13:16:18,089 :: DEBUG :: Iteration 26
2018-05-30 13:16:28,184 :: DEBUG :: Iteration 27
2018-05-30 13:16:38,275 :: DEBUG :: Iteration 28
2018-05-30 13:16:48,377 :: DEBUG :: Iteration 29
2018-05-30 13:16:49,470 :: INFO :: Envoi de la postion au serveur avec location=c3 et confidence=0.91
2018-05-30 13:16:59,678 :: DEBUG :: Iteration 30
2018-05-30 13:17:09,782 :: DEBUG :: Iteration 31
2018-05-30 13:17:19,873 :: DEBUG :: Iteration 32
2018-05-30 13:17:29,966 :: DEBUG :: Iteration 33
2018-05-30 13:17:40,109 :: DEBUG :: Iteration 34
2018-05-30 13:17:50,197 :: DEBUG :: Iteration 35
2018-05-30 13:18:00,280 :: DEBUG :: Iteration 36
2018-05-30 13:18:10,371 :: DEBUG :: Iteration 37
2018-05-30 13:18:20,457 :: DEBUG :: Iteration 38
2018-05-30 13:18:30,592 :: DEBUG :: Iteration 39
2018-05-30 13:18:40,681 :: DEBUG :: Iteration 40
2018-05-30 13:18:50,786 :: DEBUG :: Iteration 41
2018-05-30 13:19:00,876 :: DEBUG :: Iteration 42
2018-05-30 13:19:11,015 :: DEBUG :: Iteration 43
2018-05-30 13:19:21,100 :: DEBUG :: Iteration 44
2018-05-30 13:19:31,212 :: DEBUG :: Iteration 45
2018-05-30 13:19:41,301 :: DEBUG :: Iteration 46
2018-05-30 13:19:51,393 :: DEBUG :: Iteration 47
2018-05-30 13:20:01,479 :: DEBUG :: Iteration 48
2018-05-30 13:20:11,562 :: DEBUG :: Iteration 49
2018-05-30 13:20:21,664 :: DEBUG :: Iteration 50
2018-05-30 13:20:31,848 :: DEBUG :: Iteration 51
2018-05-30 13:20:41,928 :: DEBUG :: Iteration 52
2018-05-30 13:20:52,015 :: DEBUG :: Iteration 53
2018-05-30 13:21:02,098 :: DEBUG :: Iteration 54
2018-05-30 13:21:12,193 :: DEBUG :: Iteration 55
2018-05-30 13:21:22,314 :: DEBUG :: Iteration 56
2018-05-30 13:21:54,679 :: DEBUG :: Iteration 0
2018-05-30 13:21:55,809 :: INFO :: Envoi de la postion au serveur avec location=c3 et confidence=0.9
2018-05-30 13:22:06,103 :: DEBUG :: Iteration 1
2018-05-30 13:22:16,322 :: DEBUG :: Iteration 2
2018-05-30 13:22:26,403 :: DEBUG :: Iteration 3
2018-05-30 13:23:46,281 :: DEBUG :: Iteration 0
2018-05-30 13:23:47,361 :: INFO :: Envoi de la postion au serveur avec location=c3 et confidence=1.0
2018-05-30 13:23:47,639 :: INFO :: Got task : {'id': 43, 'type': 'learn', 'arguments': 'C2', 'datetime': 1527682339.0, 'completed': False}
2018-05-30 13:23:47,639 :: WARNING :: Learning here for c2
2018-05-30 13:35:34,454 :: INFO :: Got task : {'id': 44, 'type': 'locate', 'arguments': None, 'datetime': 1527682965.0, 'completed': False}
2018-05-30 13:35:35,489 :: INFO :: Envoi de la postion au serveur avec location=c2 et confidence=1.0
2018-05-30 13:35:45,685 :: DEBUG :: Iteration 1
2018-05-30 13:35:55,767 :: DEBUG :: Iteration 2
2018-05-30 13:36:05,860 :: DEBUG :: Iteration 3
2018-05-30 13:36:15,954 :: DEBUG :: Iteration 4
2018-05-30 13:36:26,037 :: DEBUG :: Iteration 5
2018-05-30 13:36:36,133 :: DEBUG :: Iteration 6
2018-05-30 13:36:46,228 :: DEBUG :: Iteration 7
2018-05-30 13:36:56,315 :: DEBUG :: Iteration 8
2018-05-30 13:37:06,438 :: DEBUG :: Iteration 9
2018-05-30 13:37:16,530 :: DEBUG :: Iteration 10
2018-05-30 13:37:26,660 :: DEBUG :: Iteration 11
2018-05-30 13:37:36,754 :: DEBUG :: Iteration 12
2018-05-30 13:37:46,863 :: DEBUG :: Iteration 13
2018-05-30 13:37:56,965 :: DEBUG :: Iteration 14
2018-05-30 13:38:07,079 :: DEBUG :: Iteration 15
2018-05-30 13:38:17,175 :: DEBUG :: Iteration 16
2018-05-30 13:38:27,271 :: DEBUG :: Iteration 17
2018-05-30 13:38:37,405 :: DEBUG :: Iteration 18
2018-05-30 13:38:47,497 :: DEBUG :: Iteration 19
2018-05-30 13:38:57,583 :: DEBUG :: Iteration 20
2018-05-30 13:39:07,668 :: DEBUG :: Iteration 21
2018-05-30 13:39:17,779 :: DEBUG :: Iteration 22
2018-05-30 13:39:27,883 :: DEBUG :: Iteration 23
2018-05-30 13:39:37,996 :: DEBUG :: Iteration 24
2018-05-30 13:39:48,100 :: DEBUG :: Iteration 25
2018-05-30 13:39:58,180 :: DEBUG :: Iteration 26
2018-05-30 13:40:08,266 :: DEBUG :: Iteration 27
2018-05-30 13:40:18,358 :: DEBUG :: Iteration 28
2018-05-30 13:40:28,447 :: DEBUG :: Iteration 29
2018-05-30 13:40:29,552 :: INFO :: Envoi de la postion au serveur avec location=c2 et confidence=1.0
2018-05-30 13:40:39,781 :: DEBUG :: Iteration 30
2018-05-30 13:40:49,880 :: DEBUG :: Iteration 31
2018-05-30 13:40:59,963 :: DEBUG :: Iteration 32
2018-05-30 13:41:10,097 :: DEBUG :: Iteration 33
2018-05-30 13:41:20,183 :: DEBUG :: Iteration 34
2018-05-30 13:41:30,270 :: DEBUG :: Iteration 35
2018-05-30 13:41:40,367 :: DEBUG :: Iteration 36
2018-05-30 13:41:50,520 :: DEBUG :: Iteration 37
2018-05-30 13:42:00,607 :: DEBUG :: Iteration 38
2018-05-30 13:42:10,705 :: DEBUG :: Iteration 39
2018-05-30 13:42:20,813 :: DEBUG :: Iteration 40
2018-05-30 13:42:30,913 :: DEBUG :: Iteration 41
2018-05-30 13:42:40,999 :: DEBUG :: Iteration 42
2018-05-30 13:42:51,091 :: DEBUG :: Iteration 43
2018-05-30 13:43:01,191 :: DEBUG :: Iteration 44
2018-05-30 13:43:11,307 :: DEBUG :: Iteration 45
2018-05-30 13:43:21,419 :: DEBUG :: Iteration 46
2018-05-30 13:43:31,514 :: DEBUG :: Iteration 47
2018-05-30 13:43:41,596 :: DEBUG :: Iteration 48
2018-05-30 13:43:51,688 :: DEBUG :: Iteration 49
2018-05-30 13:44:01,770 :: DEBUG :: Iteration 50
2018-05-30 13:44:11,857 :: DEBUG :: Iteration 51
2018-05-30 13:44:54,097 :: DEBUG :: Iteration 52
2018-05-30 13:45:04,199 :: DEBUG :: Iteration 53
2018-05-30 13:45:14,313 :: DEBUG :: Iteration 54
2018-05-30 13:45:24,405 :: DEBUG :: Iteration 55
2018-05-30 13:45:34,496 :: DEBUG :: Iteration 56
2018-05-30 13:45:44,652 :: DEBUG :: Iteration 57
2018-05-30 13:45:54,753 :: DEBUG :: Iteration 58
2018-05-30 13:46:04,959 :: DEBUG :: Iteration 59
2018-05-30 13:46:06,057 :: INFO :: Envoi de la postion au serveur avec location=c2 et confidence=0.97
2018-05-30 13:46:16,269 :: DEBUG :: Iteration 60
2018-05-30 13:46:26,352 :: DEBUG :: Iteration 61
2018-05-30 13:46:36,436 :: DEBUG :: Iteration 62
2018-05-30 13:46:46,526 :: DEBUG :: Iteration 63
2018-05-30 13:46:56,610 :: DEBUG :: Iteration 64
2018-05-30 13:47:06,700 :: DEBUG :: Iteration 65
2018-05-30 13:47:16,797 :: DEBUG :: Iteration 66
2018-05-30 13:47:26,886 :: DEBUG :: Iteration 67
2018-05-30 13:47:36,987 :: DEBUG :: Iteration 68
2018-05-30 13:47:47,083 :: DEBUG :: Iteration 69
2018-05-30 13:47:57,234 :: DEBUG :: Iteration 70
2018-05-30 13:48:07,333 :: DEBUG :: Iteration 71
2018-05-30 13:48:17,427 :: DEBUG :: Iteration 72
2018-05-30 13:48:17,628 :: INFO :: Got task : {'id': 45, 'type': 'locate', 'arguments': None, 'datetime': 1527685030.0, 'completed': False}
2018-05-30 13:48:18,713 :: INFO :: Envoi de la postion au serveur avec location=c2 et confidence=0.95
2018-05-30 13:48:28,890 :: DEBUG :: Iteration 73
2018-05-30 13:48:38,980 :: DEBUG :: Iteration 74
2018-05-30 13:48:49,076 :: DEBUG :: Iteration 75
2018-05-30 13:48:59,162 :: DEBUG :: Iteration 76
2018-05-30 13:48:59,369 :: INFO :: Got task : {'id': 46, 'type': 'learn', 'arguments': 'C1', 'datetime': 1527685067.0, 'completed': False}
2018-05-30 13:48:59,370 :: WARNING :: Learning here for c1
2018-05-30 14:00:56,536 :: DEBUG :: Iteration 77
2018-05-30 14:01:06,643 :: DEBUG :: Iteration 78
2018-05-30 14:01:16,798 :: DEBUG :: Iteration 79
2018-05-30 14:01:26,887 :: DEBUG :: Iteration 80
2018-05-30 14:01:36,971 :: DEBUG :: Iteration 81
2018-05-30 14:01:47,069 :: DEBUG :: Iteration 82
2018-05-30 14:01:57,204 :: DEBUG :: Iteration 83
2018-05-30 14:02:07,313 :: DEBUG :: Iteration 84
2018-05-30 14:02:17,407 :: DEBUG :: Iteration 85
2018-05-30 14:02:27,491 :: DEBUG :: Iteration 86
2018-05-30 14:02:37,615 :: DEBUG :: Iteration 87
2018-05-30 14:02:47,702 :: DEBUG :: Iteration 88
2018-05-30 14:02:57,796 :: DEBUG :: Iteration 89
2018-05-30 14:02:58,903 :: INFO :: Envoi de la postion au serveur avec location=c1 et confidence=1.0
2018-05-30 14:03:09,077 :: DEBUG :: Iteration 90
2018-05-30 14:03:19,210 :: DEBUG :: Iteration 91
2018-05-30 14:03:29,364 :: DEBUG :: Iteration 92
2018-05-30 14:03:39,472 :: DEBUG :: Iteration 93
2018-05-30 14:03:49,569 :: DEBUG :: Iteration 94
2018-05-30 14:03:59,657 :: DEBUG :: Iteration 95
2018-05-30 14:04:09,747 :: DEBUG :: Iteration 96
2018-05-30 14:04:19,837 :: DEBUG :: Iteration 97
2018-05-30 14:04:29,928 :: DEBUG :: Iteration 98
2018-05-30 14:04:40,012 :: DEBUG :: Iteration 99
2018-05-30 14:04:50,157 :: DEBUG :: Iteration 100
2018-05-30 14:05:00,341 :: DEBUG :: Iteration 101
2018-05-30 14:05:10,432 :: DEBUG :: Iteration 102
2018-05-30 14:05:20,539 :: DEBUG :: Iteration 103
2018-05-30 14:05:30,646 :: DEBUG :: Iteration 104
2018-05-30 14:05:40,753 :: DEBUG :: Iteration 105
2018-05-30 14:05:50,848 :: DEBUG :: Iteration 106
2018-05-30 14:06:00,946 :: DEBUG :: Iteration 107
2018-05-30 14:06:11,095 :: DEBUG :: Iteration 108
2018-05-30 14:06:21,202 :: DEBUG :: Iteration 109
2018-05-30 14:06:31,315 :: DEBUG :: Iteration 110
2018-05-30 14:06:41,413 :: DEBUG :: Iteration 111
2018-05-30 14:06:51,562 :: DEBUG :: Iteration 112
2018-05-30 14:07:01,662 :: DEBUG :: Iteration 113
2018-05-30 14:07:11,762 :: DEBUG :: Iteration 114
2018-05-30 14:07:21,864 :: DEBUG :: Iteration 115
2018-05-30 14:07:31,988 :: DEBUG :: Iteration 116
2018-05-30 14:07:42,089 :: DEBUG :: Iteration 117
2018-05-30 14:07:52,180 :: DEBUG :: Iteration 118
2018-05-30 14:08:02,273 :: DEBUG :: Iteration 119
2018-05-30 14:08:03,369 :: INFO :: Envoi de la postion au serveur avec location=c1 et confidence=1.0
2018-05-30 14:08:13,566 :: DEBUG :: Iteration 120
2018-05-30 14:08:23,670 :: DEBUG :: Iteration 121
2018-05-30 14:08:33,908 :: DEBUG :: Iteration 122
2018-05-30 14:08:44,020 :: DEBUG :: Iteration 123
2018-05-30 14:08:54,163 :: DEBUG :: Iteration 124
2018-05-30 14:09:04,248 :: DEBUG :: Iteration 125
2018-05-30 14:09:14,353 :: DEBUG :: Iteration 126
2018-05-30 14:09:24,443 :: DEBUG :: Iteration 127
2018-05-30 14:09:34,639 :: DEBUG :: Iteration 128
2018-05-30 14:09:44,795 :: DEBUG :: Iteration 129
2018-05-30 14:09:54,956 :: DEBUG :: Iteration 130
2018-05-30 14:21:26,835 :: DEBUG :: Iteration 0
2018-05-30 14:21:27,916 :: INFO :: Envoi de la postion au serveur avec location=c3 et confidence=0.51
2018-05-30 14:21:28,211 :: INFO :: Got task : {'id': 47, 'type': 'locate', 'arguments': None, 'datetime': 1527686372.0, 'completed': False}
2018-05-30 14:21:29,248 :: INFO :: Envoi de la postion au serveur avec location=c3 et confidence=0.51
2018-05-30 14:21:29,447 :: INFO :: Got task : {'id': 48, 'type': 'locate', 'arguments': None, 'datetime': 1527686403.0, 'completed': False}
2018-05-30 14:21:30,487 :: INFO :: Envoi de la postion au serveur avec location=c3 et confidence=0.51
2018-05-30 14:21:30,697 :: INFO :: Got task : {'id': 49, 'type': 'locate', 'arguments': None, 'datetime': 1527686541.0, 'completed': False}
2018-05-30 14:21:31,736 :: INFO :: Envoi de la postion au serveur avec location=c3 et confidence=0.51
2018-05-30 14:21:41,965 :: DEBUG :: Iteration 1
2018-05-30 14:21:52,115 :: DEBUG :: Iteration 2
2018-05-30 14:22:02,530 :: DEBUG :: Iteration 3
2018-05-30 14:22:12,665 :: DEBUG :: Iteration 4
2018-05-30 14:22:22,785 :: DEBUG :: Iteration 5
2018-05-30 14:22:32,883 :: DEBUG :: Iteration 6
2018-05-30 14:22:42,981 :: DEBUG :: Iteration 7
2018-05-30 14:22:53,129 :: DEBUG :: Iteration 8
2018-05-30 14:23:03,223 :: DEBUG :: Iteration 9
2018-05-30 14:23:13,366 :: DEBUG :: Iteration 10
2018-05-30 14:23:23,460 :: DEBUG :: Iteration 11
2018-05-30 14:23:33,660 :: DEBUG :: Iteration 12
2018-05-30 14:23:43,778 :: DEBUG :: Iteration 13
2018-05-30 14:23:53,880 :: DEBUG :: Iteration 14
2018-05-30 14:24:03,978 :: DEBUG :: Iteration 15
2018-05-30 14:24:14,070 :: DEBUG :: Iteration 16
2018-05-30 14:24:24,162 :: DEBUG :: Iteration 17
2018-05-30 14:24:34,315 :: DEBUG :: Iteration 18
2018-05-30 14:24:44,421 :: DEBUG :: Iteration 19
2018-05-30 14:24:54,519 :: DEBUG :: Iteration 20
2018-05-30 14:25:04,622 :: DEBUG :: Iteration 21
2018-05-30 14:25:14,739 :: DEBUG :: Iteration 22
2018-05-30 14:25:24,919 :: DEBUG :: Iteration 23
2018-05-30 14:25:35,014 :: DEBUG :: Iteration 24
2018-05-30 14:25:45,117 :: DEBUG :: Iteration 25
2018-05-30 14:25:55,214 :: DEBUG :: Iteration 26
2018-05-30 14:26:10,332 :: DEBUG :: Iteration 27
2018-05-30 14:26:20,479 :: DEBUG :: Iteration 28
2018-05-30 14:26:30,569 :: DEBUG :: Iteration 29
2018-05-30 14:26:31,655 :: INFO :: Envoi de la postion au serveur avec location=c3 et confidence=0.53
2018-05-30 14:26:41,917 :: DEBUG :: Iteration 30
2018-05-30 14:26:52,176 :: DEBUG :: Iteration 31
2018-05-30 14:27:02,275 :: DEBUG :: Iteration 32
2018-05-30 14:27:12,443 :: DEBUG :: Iteration 33
2018-05-30 14:27:22,534 :: DEBUG :: Iteration 34
2018-05-30 14:27:32,654 :: DEBUG :: Iteration 35
2018-05-30 14:27:42,750 :: DEBUG :: Iteration 36
2018-05-30 14:27:52,851 :: DEBUG :: Iteration 37
2018-05-30 14:28:02,956 :: DEBUG :: Iteration 38
2018-05-30 14:28:13,275 :: DEBUG :: Iteration 39
2018-05-30 14:28:23,441 :: DEBUG :: Iteration 40
2018-05-30 14:28:33,537 :: DEBUG :: Iteration 41
2018-05-30 14:28:43,631 :: DEBUG :: Iteration 42
2018-05-30 14:28:53,753 :: DEBUG :: Iteration 43
2018-05-30 14:29:03,854 :: DEBUG :: Iteration 44
2018-05-30 14:29:04,099 :: INFO :: Got task : {'id': 50, 'type': 'locate', 'arguments': None, 'datetime': 1527687596.0, 'completed': False}
2018-05-30 14:29:05,195 :: INFO :: Envoi de la postion au serveur avec location=c3 et confidence=0.51
2018-05-30 14:29:15,429 :: DEBUG :: Iteration 45
2018-05-30 14:29:25,553 :: DEBUG :: Iteration 46
2018-05-30 14:29:25,748 :: INFO :: Got task : {'id': 51, 'type': 'learn', 'arguments': 'INFO1', 'datetime': 1527687622.0, 'completed': False}
2018-05-30 14:29:25,749 :: WARNING :: Learning here for info1
2018-05-30 14:41:23,633 :: DEBUG :: Iteration 47
2018-05-30 14:41:34,004 :: DEBUG :: Iteration 48
2018-05-30 14:41:44,142 :: DEBUG :: Iteration 49
2018-05-30 14:41:54,760 :: DEBUG :: Iteration 50
2018-05-30 14:41:56,606 :: INFO :: Got task : {'id': 52, 'type': 'locate', 'arguments': None, 'datetime': 1527688365.0, 'completed': False}
2018-05-30 14:41:57,671 :: INFO :: Envoi de la postion au serveur avec location=info1 et confidence=1.0
2018-05-30 14:42:08,049 :: DEBUG :: Iteration 51
2018-05-30 14:42:28,100 :: DEBUG :: Iteration 52
2018-05-30 14:42:44,917 :: DEBUG :: Iteration 53
2018-05-30 14:42:55,013 :: DEBUG :: Iteration 54
2018-05-30 14:43:05,104 :: DEBUG :: Iteration 55
2018-05-30 14:43:15,238 :: DEBUG :: Iteration 56
2018-05-30 14:43:25,364 :: DEBUG :: Iteration 57
2018-05-30 14:43:35,445 :: DEBUG :: Iteration 58
2018-05-30 14:43:45,540 :: DEBUG :: Iteration 59
2018-05-30 14:43:46,623 :: INFO :: Envoi de la postion au serveur avec location=info1 et confidence=0.94
2018-05-30 14:43:56,829 :: DEBUG :: Iteration 60
2018-05-30 14:44:06,921 :: DEBUG :: Iteration 61
2018-05-30 14:44:17,025 :: DEBUG :: Iteration 62
2018-05-30 14:44:27,138 :: DEBUG :: Iteration 63
2018-05-30 14:44:37,230 :: DEBUG :: Iteration 64
2018-05-30 14:44:37,516 :: INFO :: Got task : {'id': 53, 'type': 'locate', 'arguments': None, 'datetime': 1527688532.0, 'completed': False}
2018-05-30 14:44:38,591 :: INFO :: Envoi de la postion au serveur avec location=info1 et confidence=0.87
2018-05-30 14:44:48,794 :: DEBUG :: Iteration 65
2018-05-30 14:44:58,891 :: DEBUG :: Iteration 66
2018-05-30 14:45:08,988 :: DEBUG :: Iteration 67
2018-05-30 14:45:19,075 :: DEBUG :: Iteration 68
2018-05-30 14:45:29,169 :: DEBUG :: Iteration 69
2018-05-30 14:45:39,293 :: DEBUG :: Iteration 70
2018-05-30 14:45:49,386 :: DEBUG :: Iteration 71
2018-05-30 14:45:59,476 :: DEBUG :: Iteration 72
2018-05-30 14:46:09,566 :: DEBUG :: Iteration 73
2018-05-30 14:46:19,746 :: DEBUG :: Iteration 74
2018-05-30 14:46:29,881 :: DEBUG :: Iteration 75
2018-05-30 14:46:39,986 :: DEBUG :: Iteration 76
2018-05-30 14:46:50,075 :: DEBUG :: Iteration 77
2018-05-30 14:47:00,180 :: DEBUG :: Iteration 78
2018-05-30 14:47:10,280 :: DEBUG :: Iteration 79
2018-05-30 14:47:20,374 :: DEBUG :: Iteration 80
2018-05-30 14:47:30,483 :: DEBUG :: Iteration 81
2018-05-30 14:47:40,578 :: DEBUG :: Iteration 82
2018-05-30 14:47:50,687 :: DEBUG :: Iteration 83
2018-05-30 14:48:00,786 :: DEBUG :: Iteration 84
2018-05-30 14:48:10,883 :: DEBUG :: Iteration 85
2018-05-30 14:48:20,973 :: DEBUG :: Iteration 86
2018-05-30 14:48:31,062 :: DEBUG :: Iteration 87
2018-05-30 14:48:41,227 :: DEBUG :: Iteration 88
2018-05-30 14:48:51,316 :: DEBUG :: Iteration 89
2018-05-30 14:48:52,412 :: INFO :: Envoi de la postion au serveur avec location=info1 et confidence=0.99
2018-05-30 14:49:02,593 :: DEBUG :: Iteration 90
2018-05-30 14:49:12,705 :: DEBUG :: Iteration 91
2018-05-30 14:49:22,803 :: DEBUG :: Iteration 92
2018-05-30 14:49:32,910 :: DEBUG :: Iteration 93
2018-05-30 14:49:43,011 :: DEBUG :: Iteration 94
2018-05-30 14:49:43,215 :: INFO :: Got task : {'id': 54, 'type': 'locate', 'arguments': None, 'datetime': 1527688837.0, 'completed': False}
2018-05-30 14:49:44,321 :: INFO :: Envoi de la postion au serveur avec location=info1 et confidence=0.99
2018-05-30 14:49:54,515 :: DEBUG :: Iteration 95
2018-05-30 14:50:04,641 :: DEBUG :: Iteration 96
2018-05-30 14:50:14,745 :: DEBUG :: Iteration 97
2018-05-30 14:50:24,958 :: DEBUG :: Iteration 98
2018-05-30 14:50:35,049 :: DEBUG :: Iteration 99
2018-05-30 14:50:45,212 :: DEBUG :: Iteration 100
2018-05-30 14:50:55,356 :: DEBUG :: Iteration 101
2018-05-30 14:51:05,451 :: DEBUG :: Iteration 102
2018-05-30 14:51:15,681 :: DEBUG :: Iteration 103
2018-05-30 14:51:25,812 :: DEBUG :: Iteration 104
2018-05-30 14:51:35,904 :: DEBUG :: Iteration 105
2018-05-30 14:51:46,005 :: DEBUG :: Iteration 106
2018-05-30 14:51:56,117 :: DEBUG :: Iteration 107
2018-05-30 14:52:06,210 :: DEBUG :: Iteration 108
2018-05-30 14:52:16,307 :: DEBUG :: Iteration 109
2018-05-30 14:52:26,486 :: DEBUG :: Iteration 110
2018-05-30 14:52:36,589 :: DEBUG :: Iteration 111
2018-05-30 14:52:46,677 :: DEBUG :: Iteration 112
2018-05-30 14:52:56,808 :: DEBUG :: Iteration 113
2018-05-30 14:53:06,920 :: DEBUG :: Iteration 114
2018-05-30 14:53:17,013 :: DEBUG :: Iteration 115
2018-05-30 14:53:27,115 :: DEBUG :: Iteration 116
2018-05-30 14:53:37,208 :: DEBUG :: Iteration 117
2018-05-30 14:53:47,296 :: DEBUG :: Iteration 118
2018-05-30 14:53:57,385 :: DEBUG :: Iteration 119
2018-05-30 14:53:58,469 :: INFO :: Envoi de la postion au serveur avec location=info1 et confidence=0.99
2018-05-30 14:54:08,744 :: DEBUG :: Iteration 120
2018-05-30 14:54:18,849 :: DEBUG :: Iteration 121
2018-05-30 14:54:28,960 :: DEBUG :: Iteration 122
2018-05-30 14:54:39,056 :: DEBUG :: Iteration 123
2018-05-30 14:54:49,174 :: DEBUG :: Iteration 124
2018-05-30 14:54:59,267 :: DEBUG :: Iteration 125
2018-05-30 14:55:09,372 :: DEBUG :: Iteration 126
2018-05-30 14:55:19,522 :: DEBUG :: Iteration 127
2018-05-30 14:55:29,636 :: DEBUG :: Iteration 128
2018-05-30 14:55:39,750 :: DEBUG :: Iteration 129
2018-05-30 14:55:49,848 :: DEBUG :: Iteration 130
2018-05-30 14:55:59,947 :: DEBUG :: Iteration 131
2018-05-30 14:56:10,099 :: DEBUG :: Iteration 132
2018-05-30 14:56:20,280 :: DEBUG :: Iteration 133
2018-05-30 14:56:30,377 :: DEBUG :: Iteration 134
2018-05-30 14:56:40,474 :: DEBUG :: Iteration 135
2018-05-30 14:56:50,587 :: DEBUG :: Iteration 136
2018-05-30 14:57:00,686 :: DEBUG :: Iteration 137
2018-05-30 14:57:10,785 :: DEBUG :: Iteration 138
2018-05-30 14:57:20,906 :: DEBUG :: Iteration 139
2018-05-30 14:57:31,002 :: DEBUG :: Iteration 140
2018-05-30 14:57:41,097 :: DEBUG :: Iteration 141
2018-05-30 14:57:51,212 :: DEBUG :: Iteration 142
2018-05-30 14:58:01,403 :: DEBUG :: Iteration 143
2018-05-30 14:58:11,531 :: DEBUG :: Iteration 144
2018-05-30 14:58:21,631 :: DEBUG :: Iteration 145
2018-05-30 14:58:31,751 :: DEBUG :: Iteration 146
2018-05-30 14:58:41,911 :: DEBUG :: Iteration 147
2018-05-30 14:58:52,015 :: DEBUG :: Iteration 148
2018-05-30 14:59:02,135 :: DEBUG :: Iteration 149
2018-05-30 14:59:03,238 :: INFO :: Envoi de la postion au serveur avec location=info1 et confidence=0.99
2018-05-30 14:59:13,413 :: DEBUG :: Iteration 150
2018-05-30 14:59:23,509 :: DEBUG :: Iteration 151
2018-05-30 14:59:33,605 :: DEBUG :: Iteration 152
2018-05-30 14:59:43,730 :: DEBUG :: Iteration 153
2018-05-30 14:59:53,817 :: DEBUG :: Iteration 154
2018-05-30 15:00:03,912 :: DEBUG :: Iteration 155
2018-05-30 15:00:14,037 :: DEBUG :: Iteration 156
2018-05-30 15:00:24,133 :: DEBUG :: Iteration 157
2018-05-30 15:00:34,246 :: DEBUG :: Iteration 158
2018-05-30 15:00:44,333 :: DEBUG :: Iteration 159
2018-05-30 15:00:54,416 :: DEBUG :: Iteration 160
2018-05-30 15:01:04,511 :: DEBUG :: Iteration 161
2018-05-30 15:01:14,607 :: DEBUG :: Iteration 162
2018-05-30 15:01:24,695 :: DEBUG :: Iteration 163
2018-05-30 15:01:34,799 :: DEBUG :: Iteration 164
2018-05-30 15:01:44,889 :: DEBUG :: Iteration 165
2018-05-30 15:01:54,981 :: DEBUG :: Iteration 166
2018-05-30 15:02:05,070 :: DEBUG :: Iteration 167
2018-05-30 15:02:15,179 :: DEBUG :: Iteration 168
2018-05-30 15:02:25,297 :: DEBUG :: Iteration 169
2018-05-30 15:02:35,408 :: DEBUG :: Iteration 170
2018-05-30 15:02:45,504 :: DEBUG :: Iteration 171
2018-05-30 15:02:55,610 :: DEBUG :: Iteration 172
2018-05-30 15:03:05,705 :: DEBUG :: Iteration 173
2018-05-30 15:03:15,813 :: DEBUG :: Iteration 174
2018-05-30 15:03:25,934 :: DEBUG :: Iteration 175
2018-05-30 15:03:36,155 :: DEBUG :: Iteration 176
2018-05-30 15:03:46,257 :: DEBUG :: Iteration 177
2018-05-30 15:03:56,360 :: DEBUG :: Iteration 178
2018-05-30 15:04:06,445 :: DEBUG :: Iteration 179
2018-05-30 15:04:07,541 :: INFO :: Envoi de la postion au serveur avec location=info1 et confidence=1.0
2018-05-30 15:04:17,785 :: DEBUG :: Iteration 180
2018-05-30 15:04:27,872 :: DEBUG :: Iteration 181
2018-05-30 15:04:37,960 :: DEBUG :: Iteration 182
2018-05-30 15:04:48,053 :: DEBUG :: Iteration 183
2018-05-30 15:04:58,171 :: DEBUG :: Iteration 184
2018-05-30 15:05:08,260 :: DEBUG :: Iteration 185
2018-05-30 15:05:18,369 :: DEBUG :: Iteration 186
2018-05-30 15:05:28,500 :: DEBUG :: Iteration 187
2018-05-30 15:05:38,615 :: DEBUG :: Iteration 188
2018-05-30 15:05:48,776 :: DEBUG :: Iteration 189
2018-05-30 15:05:58,872 :: DEBUG :: Iteration 190
2018-05-30 15:06:09,022 :: DEBUG :: Iteration 191
2018-05-30 15:06:19,111 :: DEBUG :: Iteration 192
2018-05-30 15:06:29,230 :: DEBUG :: Iteration 193
2018-05-30 15:06:39,341 :: DEBUG :: Iteration 194
2018-05-30 15:06:49,437 :: DEBUG :: Iteration 195
2018-05-30 15:06:59,524 :: DEBUG :: Iteration 196
2018-05-30 15:07:09,610 :: DEBUG :: Iteration 197
2018-05-30 15:07:19,707 :: DEBUG :: Iteration 198
2018-05-30 15:07:29,838 :: DEBUG :: Iteration 199
2018-05-30 15:07:39,933 :: DEBUG :: Iteration 200
2018-05-30 15:07:50,023 :: DEBUG :: Iteration 201
2018-05-30 15:08:00,124 :: DEBUG :: Iteration 202
2018-05-30 15:08:10,217 :: DEBUG :: Iteration 203
2018-05-30 15:08:20,309 :: DEBUG :: Iteration 204
2018-05-30 15:08:30,434 :: DEBUG :: Iteration 205
2018-05-30 15:08:40,532 :: DEBUG :: Iteration 206
2018-05-30 15:08:50,634 :: DEBUG :: Iteration 207
2018-05-30 15:09:00,736 :: DEBUG :: Iteration 208
2018-05-30 15:09:10,851 :: DEBUG :: Iteration 209
2018-05-30 15:09:11,944 :: INFO :: Envoi de la postion au serveur avec location=info1 et confidence=0.98
2018-05-30 15:09:22,145 :: DEBUG :: Iteration 210
2018-05-30 15:09:32,258 :: DEBUG :: Iteration 211
2018-05-30 15:09:42,353 :: DEBUG :: Iteration 212
2018-05-30 15:09:52,450 :: DEBUG :: Iteration 213
2018-05-30 15:10:02,543 :: DEBUG :: Iteration 214
2018-05-30 15:10:12,663 :: DEBUG :: Iteration 215
2018-05-30 15:10:22,775 :: DEBUG :: Iteration 216
2018-05-30 15:10:32,868 :: DEBUG :: Iteration 217
2018-05-30 15:10:42,970 :: DEBUG :: Iteration 218
2018-05-30 15:10:53,068 :: DEBUG :: Iteration 219
2018-05-30 15:11:03,157 :: DEBUG :: Iteration 220
2018-05-30 15:11:13,266 :: DEBUG :: Iteration 221
2018-05-30 15:11:23,428 :: DEBUG :: Iteration 222
2018-05-30 15:11:33,529 :: DEBUG :: Iteration 223
2018-05-30 15:11:43,642 :: DEBUG :: Iteration 224
2018-05-30 15:11:53,751 :: DEBUG :: Iteration 225
2018-05-30 15:12:03,862 :: DEBUG :: Iteration 226
2018-05-30 15:12:13,953 :: DEBUG :: Iteration 227
2018-05-30 15:12:24,118 :: DEBUG :: Iteration 228
2018-05-30 15:12:34,240 :: DEBUG :: Iteration 229
2018-05-30 15:12:44,419 :: DEBUG :: Iteration 230
2018-05-30 15:12:54,516 :: DEBUG :: Iteration 231
2018-05-30 15:13:04,611 :: DEBUG :: Iteration 232
2018-05-30 15:13:14,733 :: DEBUG :: Iteration 233
2018-05-30 15:13:24,818 :: DEBUG :: Iteration 234
2018-05-30 15:13:34,902 :: DEBUG :: Iteration 235
2018-05-30 15:13:45,042 :: DEBUG :: Iteration 236
2018-05-30 15:13:55,135 :: DEBUG :: Iteration 237
2018-05-30 15:14:05,361 :: DEBUG :: Iteration 238
2018-05-30 15:14:15,456 :: DEBUG :: Iteration 239
2018-05-30 15:14:16,564 :: INFO :: Envoi de la postion au serveur avec location=info1 et confidence=0.99
2018-05-30 15:14:26,825 :: DEBUG :: Iteration 240
2018-05-30 15:14:36,935 :: DEBUG :: Iteration 241
2018-05-30 15:14:47,054 :: DEBUG :: Iteration 242
2018-05-30 15:14:57,151 :: DEBUG :: Iteration 243
2018-05-30 15:15:07,276 :: DEBUG :: Iteration 244
2018-05-30 15:15:18,449 :: DEBUG :: Iteration 245
2018-05-30 15:15:28,546 :: DEBUG :: Iteration 246
2018-05-30 15:15:38,659 :: DEBUG :: Iteration 247
2018-05-30 15:15:48,825 :: DEBUG :: Iteration 248
2018-05-30 15:15:59,012 :: DEBUG :: Iteration 249
2018-05-30 15:16:09,098 :: DEBUG :: Iteration 250
2018-05-30 15:16:19,201 :: DEBUG :: Iteration 251
2018-05-30 15:16:29,332 :: DEBUG :: Iteration 252
2018-05-30 15:16:39,422 :: DEBUG :: Iteration 253
2018-05-30 15:16:49,514 :: DEBUG :: Iteration 254
2018-05-30 15:16:59,604 :: DEBUG :: Iteration 255
2018-05-30 15:17:09,738 :: DEBUG :: Iteration 256
2018-05-30 15:17:19,822 :: DEBUG :: Iteration 257
2018-05-30 15:17:29,986 :: DEBUG :: Iteration 258
2018-05-30 15:17:40,078 :: DEBUG :: Iteration 259
2018-05-30 15:17:50,180 :: DEBUG :: Iteration 260
2018-05-30 15:18:00,275 :: DEBUG :: Iteration 261
2018-05-30 15:18:10,371 :: DEBUG :: Iteration 262
2018-05-30 15:18:20,465 :: DEBUG :: Iteration 263
2018-05-30 15:18:30,551 :: DEBUG :: Iteration 264
2018-05-30 15:18:40,688 :: DEBUG :: Iteration 265
2018-05-30 15:18:50,780 :: DEBUG :: Iteration 266
2018-05-30 15:19:00,883 :: DEBUG :: Iteration 267
2018-05-30 15:19:11,038 :: DEBUG :: Iteration 268
2018-05-30 15:19:21,134 :: DEBUG :: Iteration 269
2018-05-30 15:19:22,233 :: INFO :: Envoi de la postion au serveur avec location=info1 et confidence=0.9
2018-05-30 15:19:32,448 :: DEBUG :: Iteration 270
2018-05-30 15:19:42,550 :: DEBUG :: Iteration 271
2018-05-30 15:19:52,641 :: DEBUG :: Iteration 272
2018-05-30 15:20:02,746 :: DEBUG :: Iteration 273
2018-05-30 15:20:12,857 :: DEBUG :: Iteration 274
2018-05-30 15:20:22,964 :: DEBUG :: Iteration 275
2018-05-30 15:20:33,070 :: DEBUG :: Iteration 276
2018-05-30 15:20:43,199 :: DEBUG :: Iteration 277
2018-05-30 15:20:53,303 :: DEBUG :: Iteration 278
2018-05-30 15:21:03,429 :: DEBUG :: Iteration 279
2018-05-30 15:21:13,534 :: DEBUG :: Iteration 280
2018-05-30 15:21:23,619 :: DEBUG :: Iteration 281
2018-05-30 15:21:33,705 :: DEBUG :: Iteration 282
2018-05-30 15:21:43,864 :: DEBUG :: Iteration 283
2018-05-30 15:21:53,962 :: DEBUG :: Iteration 284
2018-05-30 15:22:04,051 :: DEBUG :: Iteration 285
2018-05-30 15:22:14,149 :: DEBUG :: Iteration 286
2018-05-30 15:22:24,256 :: DEBUG :: Iteration 287
2018-05-30 15:22:34,353 :: DEBUG :: Iteration 288
2018-05-30 15:22:44,457 :: DEBUG :: Iteration 289
2018-05-30 15:22:54,559 :: DEBUG :: Iteration 290
2018-05-30 15:23:04,668 :: DEBUG :: Iteration 291
2018-05-30 15:23:14,766 :: DEBUG :: Iteration 292
2018-05-30 15:23:24,870 :: DEBUG :: Iteration 293
2018-05-30 15:23:34,960 :: DEBUG :: Iteration 294
2018-05-30 15:23:45,053 :: DEBUG :: Iteration 295
2018-05-30 15:23:55,152 :: DEBUG :: Iteration 296
2018-05-30 15:24:05,244 :: DEBUG :: Iteration 297
2018-05-30 15:24:15,331 :: DEBUG :: Iteration 298
2018-05-30 15:24:25,421 :: DEBUG :: Iteration 299
2018-05-30 15:24:26,517 :: INFO :: Envoi de la postion au serveur avec location=info1 et confidence=0.86
2018-05-30 15:24:36,741 :: DEBUG :: Iteration 300
2018-05-30 15:24:46,839 :: DEBUG :: Iteration 301
2018-05-30 15:24:56,955 :: DEBUG :: Iteration 302
2018-05-30 15:25:07,075 :: DEBUG :: Iteration 303
2018-05-30 15:25:17,177 :: DEBUG :: Iteration 304
2018-05-30 15:25:27,262 :: DEBUG :: Iteration 305
2018-05-30 15:25:37,358 :: DEBUG :: Iteration 306
2018-05-30 15:25:47,475 :: DEBUG :: Iteration 307
2018-05-30 15:25:57,595 :: DEBUG :: Iteration 308
2018-05-30 15:26:07,688 :: DEBUG :: Iteration 309
2018-05-30 15:26:17,796 :: DEBUG :: Iteration 310
2018-05-30 15:26:27,908 :: DEBUG :: Iteration 311
2018-05-30 15:26:38,062 :: DEBUG :: Iteration 312
2018-05-30 15:26:48,196 :: DEBUG :: Iteration 313
2018-05-30 15:26:58,335 :: DEBUG :: Iteration 314
2018-05-30 15:27:08,457 :: DEBUG :: Iteration 315
2018-05-30 15:27:18,584 :: DEBUG :: Iteration 316
2018-05-30 15:27:28,702 :: DEBUG :: Iteration 317
2018-05-30 15:27:38,809 :: DEBUG :: Iteration 318
2018-05-30 15:27:48,925 :: DEBUG :: Iteration 319
2018-05-30 15:27:59,021 :: DEBUG :: Iteration 320
2018-05-30 15:28:09,120 :: DEBUG :: Iteration 321
2018-05-30 15:28:21,404 :: DEBUG :: Iteration 322
2018-05-30 15:28:31,542 :: DEBUG :: Iteration 323
2018-05-30 15:28:41,764 :: DEBUG :: Iteration 324
2018-05-30 15:28:51,872 :: DEBUG :: Iteration 325
2018-05-30 15:29:01,965 :: DEBUG :: Iteration 326
2018-05-30 15:29:12,064 :: DEBUG :: Iteration 327
2018-05-30 15:29:22,157 :: DEBUG :: Iteration 328
2018-05-30 15:2                                                                                                                                                                                                                                                                                                                                                                                                                                                                                                                                                                                                                                                                                                                                                                                                                                                                                                                                                                                                                                                                                                                                                                                                                                                                                                                                                                                                                                                                                                                                                                                                                                                                                                                                                                                                                                                                                                                                                                                                                                                                                                                                                                                                                                                                                                                                                                                                                                                                                                                                                                                                                                                                                                                                                                                                                                                                                                                                                                                                                                                          2018-05-30 15:37:03,200 :: DEBUG :: Iteration 0
2018-05-30 15:37:04,324 :: INFO :: Envoi de la postion au serveur avec location=inge1 et confidence=0.78
2018-05-30 15:37:04,781 :: INFO :: Got task : {'id': 69, 'type': 'locate', 'arguments': None, 'datetime': 1528110384.0, 'completed': False}
2018-05-30 15:37:05,849 :: INFO :: Envoi de la postion au serveur avec location=inge1 et confidence=0.78
2018-05-30 15:37:06,198 :: INFO :: Got task : {'id': 70, 'type': 'locate', 'arguments': None, 'datetime': 1528110900.0, 'completed': False}
2018-05-30 15:37:07,259 :: INFO :: Envoi de la postion au serveur avec location=inge1 et confidence=0.78
2018-05-30 15:37:07,544 :: INFO :: Got task : {'id': 71, 'type': 'locate', 'arguments': None, 'datetime': 1528110937.0, 'completed': False}
2018-05-30 15:37:08,605 :: INFO :: Envoi de la postion au serveur avec location=inge1 et confidence=0.78
2018-05-30 15:37:08,935 :: INFO :: Got task : {'id': 72, 'type': 'locate', 'arguments': None, 'datetime': 1528111046.0, 'completed': False}
2018-05-30 15:37:09,985 :: INFO :: Envoi de la postion au serveur avec location=inge1 et confidence=0.76
2018-05-30 15:37:10,288 :: INFO :: Got task : {'id': 73, 'type': 'locate', 'arguments': None, 'datetime': 1528111107.0, 'completed': False}
2018-05-30 15:37:11,329 :: INFO :: Envoi de la postion au serveur avec location=inge1 et confidence=0.75
2018-06-04 13:46:46,085 :: DEBUG :: Iteration 1
2018-06-04 13:46:56,268 :: DEBUG :: Iteration 2
2018-06-04 13:47:06,443 :: DEBUG :: Iteration 3
2018-06-04 13:47:16,656 :: DEBUG :: Iteration 4
2018-06-04 13:47:26,827 :: DEBUG :: Iteration 5
2018-06-04 13:47:37,260 :: DEBUG :: Iteration 6
2018-06-04 13:47:47,447 :: DEBUG :: Iteration 7
2018-06-04 13:47:57,605 :: DEBUG :: Iteration 8
2018-06-04 13:48:07,804 :: DEBUG :: Iteration 9
2018-06-04 13:48:51,037 :: DEBUG :: Iteration 0
2018-06-04 13:48:52,134 :: INFO :: Envoi de la postion au serveur avec location=inge2 et confidence=0.5
2018-06-04 13:48:52,678 :: INFO :: Got task : {'id': 74, 'type': 'locate', 'arguments': None, 'datetime': 1528112921.0, 'completed': False}
2018-06-04 13:48:53,723 :: INFO :: Envoi de la postion au serveur avec location=inge2 et confidence=0.66
2018-06-04 13:49:04,093 :: DEBUG :: Iteration 1
2018-06-04 13:49:24,729 :: DEBUG :: Iteration 2
2018-06-04 13:49:35,407 :: DEBUG :: Iteration 3
2018-06-04 13:50:13,582 :: DEBUG :: Iteration 0
2018-06-04 13:50:14,634 :: INFO :: Envoi de la postion au serveur avec location=inge1 et confidence=0.51
2018-06-04 13:50:25,106 :: DEBUG :: Iteration 1
2018-06-04 13:50:35,421 :: DEBUG :: Iteration 2
2018-06-04 13:50:45,558 :: DEBUG :: Iteration 3
2018-06-04 13:50:55,706 :: DEBUG :: Iteration 4
2018-06-04 13:51:06,001 :: DEBUG :: Iteration 5
2018-06-04 13:51:16,134 :: DEBUG :: Iteration 6
2018-06-04 13:51:26,268 :: DEBUG :: Iteration 7
2018-06-04 13:51:36,520 :: DEBUG :: Iteration 8
2018-06-04 13:51:46,691 :: DEBUG :: Iteration 9
2018-06-04 13:51:56,816 :: DEBUG :: Iteration 10
2018-06-04 13:52:06,950 :: DEBUG :: Iteration 11
2018-06-04 13:52:17,116 :: DEBUG :: Iteration 12
2018-06-04 13:52:27,246 :: DEBUG :: Iteration 13
2018-06-04 13:52:37,365 :: DEBUG :: Iteration 14
2018-06-04 13:52:47,563 :: DEBUG :: Iteration 15
2018-06-04 13:52:57,758 :: DEBUG :: Iteration 16
2018-06-04 13:52:58,029 :: INFO :: Got task : {'id': 75, 'type': 'locate', 'arguments': None, 'datetime': 1528113168.0, 'completed': False}
2018-06-04 13:52:59,130 :: INFO :: Envoi de la postion au serveur avec location=inge1 et confidence=0.76
2018-06-04 13:53:09,398 :: DEBUG :: Iteration 17
2018-06-04 13:53:19,574 :: DEBUG :: Iteration 18
2018-06-04 13:53:47,583 :: DEBUG :: Iteration 0
2018-06-04 13:53:48,631 :: INFO :: Envoi de la postion au serveur avec location=inge1 et confidence=0.78
2018-06-04 13:54:49,004 :: DEBUG :: Iteration 0
2018-06-04 13:54:50,109 :: INFO :: Envoi de la postion au serveur avec location=inge1 et confidence=0.84
2018-06-04 13:55:00,340 :: DEBUG :: Iteration 1
2018-06-04 13:55:10,432 :: DEBUG :: Iteration 2
2018-06-04 13:55:20,522 :: DEBUG :: Iteration 3
2018-06-04 13:55:30,660 :: DEBUG :: Iteration 4
2018-06-04 13:55:40,800 :: DEBUG :: Iteration 5
2018-06-04 13:56:04,622 :: INFO :: Got task : {'id': 76, 'type': 'locate', 'arguments': None, 'datetime': 1528113367.0, 'completed': False}
2018-06-04 13:56:05,712 :: INFO :: Envoi de la postion au serveur avec location=inge1 et confidence=0.62
2018-06-04 13:56:06,762 :: INFO :: Got task : {'id': 77, 'type': 'locate', 'arguments': None, 'datetime': 1528113390.0, 'completed': False}
2018-06-04 13:56:07,851 :: INFO :: Envoi de la postion au serveur avec location=inge1 et confidence=0.68
2018-06-04 13:56:23,388 :: DEBUG :: Iteration 6
2018-06-04 13:56:33,537 :: DEBUG :: Iteration 7
2018-06-04 13:56:33,912 :: INFO :: Got task : {'id': 78, 'type': 'learn', 'arguments': 'Salle de travail tudiants', 'datetime': 1528113420.0, 'completed': False}
2018-06-04 13:56:33,913 :: WARNING :: Learning here for salle de travail tudiants
2018-06-04 20:04:11,352 :: DEBUG :: Iteration 0
2018-06-04 20:04:11,356 :: INFO :: Envoi de la postion au serveur avec location=Pas de piece aprise et confidence=1
2018-06-04 20:04:11,705 :: INFO :: Got task : {'id': 79, 'type': 'locate', 'arguments': None, 'datetime': 1528114080.0, 'completed': False}
2018-06-04 20:04:11,707 :: INFO :: Envoi de la postion au serveur avec location=Pas de piece aprise et confidence=1
2018-06-04 20:04:11,984 :: INFO :: Got task : {'id': 80, 'type': 'locate', 'arguments': None, 'datetime': 1528114689.0, 'completed': False}
2018-06-04 20:04:11,987 :: INFO :: Envoi de la postion au serveur avec location=Pas de piece aprise et confidence=1
2018-06-04 20:04:22,251 :: DEBUG :: Iteration 1
2018-06-04 20:04:32,402 :: DEBUG :: Iteration 2
2018-06-04 20:04:42,818 :: DEBUG :: Iteration 3
2018-06-04 20:04:53,213 :: DEBUG :: Iteration 4
2018-06-04 20:05:03,589 :: DEBUG :: Iteration 5
2018-06-04 20:21:29,898 :: DEBUG :: Iteration 0
2018-06-04 20:21:31,089 :: INFO :: Envoi de la postion au serveur avec location=salle de travail tudiants et confidence=0.8
2018-06-04 20:21:31,615 :: INFO :: Got task : {'id': 81, 'type': 'locate', 'arguments': None, 'datetime': 1528367331.0, 'completed': False}
2018-06-04 20:21:32,771 :: INFO :: Envoi de la postion au serveur avec location=salle de travail tudiants et confidence=0.85
2018-06-04 20:21:43,026 :: DEBUG :: Iteration 1
2018-06-04 20:21:53,114 :: DEBUG :: Iteration 2
2018-06-04 20:22:03,217 :: DEBUG :: Iteration 3
2018-06-04 20:22:13,330 :: DEBUG :: Iteration 4
2018-06-04 20:22:23,441 :: DEBUG :: Iteration 5
2018-06-04 20:22:33,541 :: DEBUG :: Iteration 6
2018-06-04 20:22:33,737 :: INFO :: Got task : {'id': 82, 'type': 'locate', 'arguments': None, 'datetime': 1528368740.0, 'completed': False}
2018-06-04 20:22:34,930 :: INFO :: Envoi de la postion au serveur avec location=salle de travail tudiants et confidence=0.87
2018-06-04 20:22:45,109 :: DEBUG :: Iteration 7
2018-06-04 20:22:55,227 :: DEBUG :: Iteration 8
2018-06-04 20:22:55,442 :: INFO :: Got task : {'id': 83, 'type': 'locate', 'arguments': None, 'datetime': 1528368767.0, 'completed': False}
2018-06-04 20:22:56,644 :: INFO :: Envoi de la postion au serveur avec location=salle de travail tudiants et confidence=0.88
2018-06-04 20:23:06,910 :: DEBUG :: Iteration 9
2018-06-04 20:23:17,003 :: DEBUG :: Iteration 10
2018-06-04 20:23:27,118 :: DEBUG :: Iteration 11
2018-06-04 20:23:37,230 :: DEBUG :: Iteration 12
2018-06-04 20:23:47,327 :: DEBUG :: Iteration 13
2018-06-04 20:23:57,441 :: DEBUG :: Iteration 14
2018-06-04 20:24:07,558 :: DEBUG :: Iteration 15
2018-06-04 20:24:17,662 :: DEBUG :: Iteration 16
2018-06-04 20:24:27,751 :: DEBUG :: Iteration 17
2018-06-04 20:24:37,832 :: DEBUG :: Iteration 18
2018-06-04 20:24:47,928 :: DEBUG :: Iteration 19
2018-06-04 20:24:58,125 :: DEBUG :: Iteration 20
2018-06-04 20:25:08,222 :: DEBUG :: Iteration 21
2018-06-04 20:25:18,316 :: DEBUG :: Iteration 22
2018-06-04 20:25:28,409 :: DEBUG :: Iteration 23
2018-06-04 20:25:38,502 :: DEBUG :: Iteration 24
2018-06-04 20:25:48,592 :: DEBUG :: Iteration 25
2018-06-04 20:25:48,808 :: INFO :: Got task : {'id': 84, 'type': 'locate', 'arguments': None, 'datetime': 1528368939.0, 'completed': False}
2018-06-04 20:25:50,016 :: INFO :: Envoi de la postion au serveur avec location=c3 et confidence=0.48
2018-06-04 20:26:00,205 :: DEBUG :: Iteration 26
2018-06-04 20:26:10,478 :: DEBUG :: Iteration 27
2018-06-04 20:26:47,968 :: DEBUG :: Iteration 28
2018-06-04 20:27:01,095 :: INFO :: Got task : {'id': 85, 'type': 'learn', 'arguments': 'C5', 'datetime': 1528368995.0, 'completed': False}
2018-06-04 20:27:01,097 :: WARNING :: Learning here for c5
2018-06-04 20:49:57,443 :: DEBUG :: Iteration 0
2018-06-04 20:49:58,541 :: INFO :: Envoi de la postion au serveur avec location=c3 et confidence=0.43
2018-06-04 20:49:59,011 :: INFO :: Got task : {'id': 86, 'type': 'locate', 'arguments': None, 'datetime': 1528369936.0, 'completed': False}
2018-06-04 20:50:00,066 :: INFO :: Envoi de la postion au serveur avec location=c3 et confidence=0.43
2018-06-04 20:50:00,301 :: INFO :: Got task : {'id': 87, 'type': 'locate', 'arguments': None, 'datetime': 1528369937.0, 'completed': False}
2018-06-04 20:50:01,358 :: INFO :: Envoi de la postion au serveur avec location=c3 et confidence=0.43
2018-06-04 20:50:11,732 :: DEBUG :: Iteration 1
2018-06-04 20:50:21,841 :: DEBUG :: Iteration 2
2018-06-04 20:50:31,977 :: DEBUG :: Iteration 3
2018-06-04 20:50:42,393 :: DEBUG :: Iteration 4
2018-06-04 20:50:52,854 :: DEBUG :: Iteration 5
2018-06-04 20:51:03,324 :: DEBUG :: Iteration 6
2018-06-04 20:51:13,434 :: DEBUG :: Iteration 7
2018-06-04 20:51:23,562 :: DEBUG :: Iteration 8
2018-06-04 20:51:23,921 :: INFO :: Got task : {'id': 88, 'type': 'learn', 'arguments': 'C5', 'datetime': 1528370493.0, 'completed': False}
2018-06-04 20:51:23,923 :: WARNING :: Learning here for c5
2018-06-04 21:06:04,645 :: DEBUG :: Iteration 0
2018-06-04 21:06:05,738 :: INFO :: Envoi de la postion au serveur avec location=c5 et confidence=0.99
2018-06-04 21:06:16,055 :: DEBUG :: Iteration 1
2018-06-04 21:06:26,216 :: DEBUG :: Iteration 2
2018-06-04 21:06:36,320 :: DEBUG :: Iteration 3
2018-06-04 21:06:46,411 :: DEBUG :: Iteration 4
2018-06-04 21:06:56,535 :: DEBUG :: Iteration 5
2018-06-04 21:07:06,860 :: DEBUG :: Iteration 6
2018-06-04 21:07:16,987 :: DEBUG :: Iteration 7
2018-06-04 21:07:27,089 :: DEBUG :: Iteration 8
2018-06-04 21:07:37,190 :: DEBUG :: Iteration 9
2018-06-04 21:07:47,299 :: DEBUG :: Iteration 10
2018-06-04 21:07:57,391 :: DEBUG :: Iteration 11
2018-06-04 21:08:07,498 :: DEBUG :: Iteration 12
2018-06-04 21:08:50,802 :: DEBUG :: Iteration 0
2018-06-04 21:08:51,891 :: INFO :: Envoi de la postion au serveur avec location=c5 et confidence=1.0
2018-06-04 21:09:02,282 :: DEBUG :: Iteration 1
2018-06-04 21:09:12,389 :: DEBUG :: Iteration 2
2018-06-04 21:09:22,577 :: DEBUG :: Iteration 3
2018-06-04 21:09:22,899 :: INFO :: Got task : {'id': 89, 'type': 'locate', 'arguments': None, 'datetime': 1528371588.0, 'completed': False}
2018-06-04 21:09:23,971 :: INFO :: Envoi de la postion au serveur avec location=c5 et confidence=0.94
2018-06-04 21:09:34,201 :: DEBUG :: Iteration 4
2018-06-04 21:09:44,296 :: DEBUG :: Iteration 5
2018-06-04 21:09:54,401 :: DEBUG :: Iteration 6
2018-06-04 21:10:04,543 :: DEBUG :: Iteration 7
2018-06-04 21:10:04,757 :: INFO :: Got task : {'id': 90, 'type': 'locate', 'arguments': None, 'datetime': 1528371627.0, 'completed': False}
2018-06-04 21:10:05,852 :: INFO :: Envoi de la postion au serveur avec location=c5 et confidence=1.0
2018-06-04 21:10:16,035 :: DEBUG :: Iteration 8
2018-06-04 21:10:26,150 :: DEBUG :: Iteration 9
2018-06-04 21:10:36,260 :: DEBUG :: Iteration 10
2018-06-04 21:10:36,501 :: INFO :: Got task : {'id': 91, 'type': 'learn', 'arguments': 'C6', 'datetime': 1528371661.0, 'completed': False}
2018-06-04 21:10:36,503 :: WARNING :: Learning here for c6
2018-06-04 21:22:24,288 :: INFO :: Got task : {'id': 92, 'type': 'locate', 'arguments': None, 'datetime': 1528372354.0, 'completed': False}
2018-06-04 21:22:25,337 :: INFO :: Envoi de la postion au serveur avec location=c6 et confidence=0.74
2018-06-04 21:22:35,513 :: DEBUG :: Iteration 11
2018-06-04 21:22:45,623 :: DEBUG :: Iteration 12
2018-06-04 21:22:45,813 :: INFO :: Got task : {'id': 93, 'type': 'locate', 'arguments': None, 'datetime': 1528372391.0, 'completed': False}
2018-06-04 21:22:46,911 :: INFO :: Envoi de la postion au serveur avec location=c6 et confidence=0.79
2018-06-04 21:22:47,090 :: INFO :: Got task : {'id': 94, 'type': 'locate', 'arguments': None, 'datetime': 1528372393.0, 'completed': False}
2018-06-04 21:22:48,155 :: INFO :: Envoi de la postion au serveur avec location=c6 et confidence=0.86
2018-06-04 21:22:58,350 :: DEBUG :: Iteration 13
2018-06-04 21:23:08,442 :: DEBUG :: Iteration 14
2018-06-04 21:23:18,571 :: DEBUG :: Iteration 15
2018-06-04 21:23:28,664 :: DEBUG :: Iteration 16
2018-06-04 21:23:38,766 :: DEBUG :: Iteration 17
2018-06-04 21:23:48,889 :: DEBUG :: Iteration 18
2018-06-04 21:23:58,979 :: DEBUG :: Iteration 19
2018-06-04 21:24:09,099 :: DEBUG :: Iteration 20
2018-06-04 21:24:19,195 :: DEBUG :: Iteration 21
2018-06-04 21:24:29,294 :: DEBUG :: Iteration 22
2018-06-04 21:24:39,394 :: DEBUG :: Iteration 23
2018-06-04 21:24:49,518 :: DEBUG :: Iteration 24
2018-06-04 21:24:59,612 :: DEBUG :: Iteration 25
2018-06-04 21:25:09,715 :: DEBUG :: Iteration 26
2018-06-04 21:25:19,808 :: DEBUG :: Iteration 27
2018-06-04 21:25:20,009 :: INFO :: Got task : {'id': 95, 'type': 'locate', 'arguments': None, 'datetime': 1528372541.0, 'completed': False}
2018-06-04 21:25:21,112 :: INFO :: Envoi de la postion au serveur avec location=c6 et confidence=1.0
2018-06-04 21:25:31,299 :: DEBUG :: Iteration 28
2018-06-04 21:25:41,397 :: DEBUG :: Iteration 29
2018-06-04 21:25:42,507 :: INFO :: Envoi de la postion au serveur avec location=c6 et confidence=0.99
2018-06-04 21:25:42,773 :: INFO :: Got task : {'id': 96, 'type': 'learn', 'arguments': 'C7', 'datetime': 1528372562.0, 'completed': False}
2018-06-04 21:25:42,774 :: WARNING :: Learning here for c7
2018-06-04 21:37:40,420 :: DEBUG :: Iteration 30
2018-06-04 21:37:50,510 :: DEBUG :: Iteration 31
2018-06-04 21:38:00,604 :: DEBUG :: Iteration 32
2018-06-04 21:38:10,706 :: DEBUG :: Iteration 33
2018-06-04 21:38:20,816 :: DEBUG :: Iteration 34
2018-06-04 21:38:30,918 :: DEBUG :: Iteration 35
2018-06-04 21:38:41,029 :: DEBUG :: Iteration 36
2018-06-04 21:38:51,124 :: DEBUG :: Iteration 37
2018-06-04 21:39:01,215 :: DEBUG :: Iteration 38
2018-06-04 21:39:16,460 :: DEBUG :: Iteration 39
2018-06-04 21:39:26,563 :: DEBUG :: Iteration 40
2018-06-04 21:39:36,666 :: DEBUG :: Iteration 41
2018-06-04 21:39:46,763 :: DEBUG :: Iteration 42
2018-06-04 21:39:56,859 :: DEBUG :: Iteration 43
2018-06-04 21:40:06,965 :: DEBUG :: Iteration 44
2018-06-04 21:40:17,095 :: DEBUG :: Iteration 45
2018-06-04 21:40:27,204 :: DEBUG :: Iteration 46
2018-06-04 21:40:37,295 :: DEBUG :: Iteration 47
2018-06-04 21:40:47,421 :: DEBUG :: Iteration 48
2018-06-04 21:40:57,519 :: DEBUG :: Iteration 49
2018-06-04 21:41:07,610 :: DEBUG :: Iteration 50
2018-06-04 21:41:17,712 :: DEBUG :: Iteration 51
2018-06-04 21:41:27,850 :: DEBUG :: Iteration 52
2018-06-04 21:41:37,968 :: DEBUG :: Iteration 53
2018-06-04 21:41:48,057 :: DEBUG :: Iteration 54
2018-06-04 21:41:58,147 :: DEBUG :: Iteration 55
2018-06-04 21:42:08,251 :: DEBUG :: Iteration 56
2018-06-04 21:42:18,343 :: DEBUG :: Iteration 57
2018-06-04 21:42:28,441 :: DEBUG :: Iteration 58
2018-06-04 21:42:38,540 :: DEBUG :: Iteration 59
2018-06-04 21:42:39,645 :: INFO :: Envoi de la postion au serveur avec location=c7 et confidence=0.86
2018-06-04 21:42:49,841 :: DEBUG :: Iteration 60
2018-06-04 21:42:59,933 :: DEBUG :: Iteration 61
2018-06-04 21:43:10,020 :: DEBUG :: Iteration 62
2018-06-04 21:43:20,116 :: DEBUG :: Iteration 63
2018-06-04 21:43:30,207 :: DEBUG :: Iteration 64
2018-06-04 21:43:40,298 :: DEBUG :: Iteration 65
2018-06-04 21:43:40,535 :: INFO :: Got task : {'id': 97, 'type': 'locate', 'arguments': None, 'datetime': 1528373643.0, 'completed': False}
2018-06-04 21:43:41,626 :: INFO :: Envoi de la postion au serveur avec location=c7 et confidence=0.88
2018-06-04 21:43:51,822 :: DEBUG :: Iteration 66
2018-06-04 21:44:01,957 :: DEBUG :: Iteration 67
2018-06-04 21:44:12,054 :: DEBUG :: Iteration 68
2018-06-04 21:44:22,146 :: DEBUG :: Iteration 69
2018-06-04 21:44:32,245 :: DEBUG :: Iteration 70
2018-06-04 21:44:32,432 :: INFO :: Got task : {'id': 98, 'type': 'learn', 'arguments': 'C8', 'datetime': 1528373693.0, 'completed': False}
2018-06-04 21:44:32,433 :: WARNING :: Learning here for c8
2018-06-04 21:56:30,109 :: DEBUG :: Iteration 71
2018-06-04 21:56:40,198 :: DEBUG :: Iteration 72
2018-06-04 21:56:50,304 :: DEBUG :: Iteration 73
2018-06-04 21:57:00,395 :: DEBUG :: Iteration 74
2018-06-04 21:57:10,487 :: DEBUG :: Iteration 75
2018-06-04 21:57:10,677 :: INFO :: Got task : {'id': 99, 'type': 'locate', 'arguments': None, 'datetime': 1528374454.0, 'completed': False}
2018-06-04 21:57:11,753 :: INFO :: Envoi de la postion au serveur avec location=c8 et confidence=1.0
2018-06-04 21:57:21,949 :: DEBUG :: Iteration 76
2018-06-04 21:57:32,045 :: DEBUG :: Iteration 77
2018-06-04 21:57:42,151 :: DEBUG :: Iteration 78
2018-06-04 21:57:52,265 :: DEBUG :: Iteration 79
2018-06-04 21:58:02,362 :: DEBUG :: Iteration 80
2018-06-04 21:58:12,471 :: DEBUG :: Iteration 81
2018-06-04 21:58:22,563 :: DEBUG :: Iteration 82
2018-06-04 21:58:32,664 :: DEBUG :: Iteration 83
2018-06-04 21:58:42,759 :: DEBUG :: Iteration 84
2018-06-04 21:58:52,849 :: DEBUG :: Iteration 85
2018-06-04 21:59:58,506 :: DEBUG :: Iteration 0
2018-06-04 21:59:59,558 :: INFO :: Envoi de la postion au serveur avec location=c5 et confidence=0.98
2018-06-04 22:00:09,843 :: DEBUG :: Iteration 1
2018-06-04 22:00:20,002 :: DEBUG :: Iteration 2
2018-06-04 22:00:30,124 :: DEBUG :: Iteration 3
2018-06-04 22:00:40,229 :: DEBUG :: Iteration 4
2018-06-04 22:00:50,384 :: DEBUG :: Iteration 5
2018-06-04 22:01:00,522 :: DEBUG :: Iteration 6
2018-06-04 22:01:10,679 :: DEBUG :: Iteration 7
2018-06-04 22:01:20,835 :: DEBUG :: Iteration 8
2018-06-04 22:22:12,363 :: DEBUG :: Iteration 0
2018-06-04 22:22:13,551 :: DEBUG :: Confidence trop faible (0.39), on r-essaye une mesure (essais restants : 2)
2018-06-04 22:22:29,711 :: DEBUG :: Confidence trop faible (0.39), on r-essaye une mesure (essais restants : 1)
2018-06-16 13:29:19,679 :: DEBUG :: Confidence trop faible (0.39), on r-essaye une mesure (essais restants : 0)
2018-06-16 13:29:34,924 :: INFO :: Got task : {'id': 100, 'type': 'locate', 'arguments': None, 'datetime': 1528880893.0, 'completed': False}
2018-06-16 13:29:36,035 :: DEBUG :: Confidence trop faible (0.39), on r-essaye une mesure (essais restants : 2)
2018-06-16 13:29:52,173 :: DEBUG :: Confidence trop faible (0.39), on r-essaye une mesure (essais restants : 1)
2018-06-16 13:30:08,292 :: DEBUG :: Confidence trop faible (0.39), on r-essaye une mesure (essais restants : 0)
2018-06-16 13:30:23,438 :: INFO :: Got task : {'id': 101, 'type': 'learn', 'arguments': 'Ma chambre', 'datetime': 1528880943.0, 'completed': False}
2018-06-16 13:30:23,439 :: WARNING :: Learning here for ma chambre
2018-06-16 13:34:15,690 :: DEBUG :: Iteration 0
2018-06-16 13:34:16,877 :: DEBUG :: Confidence trop faible (0.39), on r-essaye une mesure (essais restants : 2)
2018-06-16 13:34:43,456 :: DEBUG :: Confidence trop faible (0.39), on r-essaye une mesure (essais restants : 1)
2018-06-16 13:34:59,545 :: DEBUG :: Confidence trop faible (0.39), on r-essaye une mesure (essais restants : 0)
2018-06-16 13:35:23,879 :: DEBUG :: Iteration 1
2018-06-16 13:35:34,234 :: DEBUG :: Iteration 2
2018-06-16 13:35:45,174 :: DEBUG :: Iteration 3
2018-06-16 13:35:55,304 :: DEBUG :: Iteration 4
2018-06-16 13:36:06,339 :: DEBUG :: Iteration 5
2018-06-16 13:36:16,500 :: DEBUG :: Iteration 6
2018-06-16 13:36:26,670 :: DEBUG :: Iteration 7
2018-06-16 13:36:36,780 :: DEBUG :: Iteration 8
2018-06-16 13:36:46,910 :: DEBUG :: Iteration 9
2018-06-16 13:36:57,042 :: DEBUG :: Iteration 10
2018-06-16 13:37:07,348 :: DEBUG :: Iteration 11
2018-06-16 13:37:17,480 :: DEBUG :: Iteration 12
2018-06-16 13:37:27,631 :: DEBUG :: Iteration 13
2018-06-16 13:37:37,748 :: DEBUG :: Iteration 14
2018-06-16 13:37:47,910 :: DEBUG :: Iteration 15
2018-06-16 13:37:58,080 :: DEBUG :: Iteration 16
2018-06-16 13:38:08,208 :: DEBUG :: Iteration 17
2018-06-16 13:38:18,368 :: DEBUG :: Iteration 18
2018-06-16 13:38:28,487 :: DEBUG :: Iteration 19
2018-06-16 13:38:38,612 :: DEBUG :: Iteration 20
2018-06-16 13:38:48,737 :: DEBUG :: Iteration 21
2018-06-16 13:38:58,862 :: DEBUG :: Iteration 22
2018-06-16 13:39:09,060 :: DEBUG :: Iteration 23
2018-06-16 13:39:19,198 :: DEBUG :: Iteration 24
2018-06-16 13:39:29,355 :: DEBUG :: Iteration 25
2018-06-16 13:39:39,502 :: DEBUG :: Iteration 26
2018-06-16 13:39:49,618 :: DEBUG :: Iteration 27
2018-06-16 13:39:59,759 :: DEBUG :: Iteration 28
2018-06-16 13:40:09,939 :: DEBUG :: Iteration 29
2018-06-16 13:40:11,041 :: DEBUG :: Confidence trop faible (0.39), on r-essaye une mesure (essais restants : 2)
2018-06-16 13:40:27,187 :: DEBUG :: Confidence trop faible (0.39), on r-essaye une mesure (essais restants : 1)
2018-06-16 13:40:43,339 :: INFO :: Envoi de la postion au serveur avec location=c5 et confidence=0.41
2018-06-16 13:41:02,585 :: DEBUG :: Iteration 0
2018-06-16 13:41:03,764 :: DEBUG :: Confidence trop faible (0.39), on r-essaye une mesure (essais restants : 2)
2018-06-16 14:07:37,115 :: DEBUG :: Confidence trop faible (0.39), on r-essaye une mesure (essais restants : 1)
2018-06-16 14:07:53,249 :: DEBUG :: Confidence trop faible (0.39), on r-essaye une mesure (essais restants : 0)
2018-06-16 14:08:18,484 :: DEBUG :: Iteration 1
2018-06-16 14:08:28,782 :: DEBUG :: Iteration 2
2018-06-16 14:09:02,195 :: DEBUG :: Iteration 0
2018-06-16 14:09:03,371 :: DEBUG :: Confidence trop faible (0.39), on r-essaye une mesure (essais restants : 2)
2018-06-16 14:09:30,428 :: DEBUG :: Confidence trop faible (0.39), on r-essaye une mesure (essais restants : 1)
2018-06-16 14:09:46,549 :: DEBUG :: Confidence trop faible (0.39), on r-essaye une mesure (essais restants : 0)
2018-06-16 14:10:11,738 :: DEBUG :: Iteration 1
2018-06-16 14:10:21,918 :: DEBUG :: Iteration 2
2018-06-16 14:10:32,134 :: DEBUG :: Iteration 3
2018-06-16 14:10:42,360 :: DEBUG :: Iteration 4
2018-06-16 14:10:52,519 :: DEBUG :: Iteration 5
2018-06-16 14:11:02,698 :: DEBUG :: Iteration 6
2018-06-16 14:11:12,913 :: DEBUG :: Iteration 7
2018-06-16 14:11:23,089 :: DEBUG :: Iteration 8
2018-06-16 14:11:33,263 :: DEBUG :: Iteration 9
2018-06-16 14:11:43,436 :: DEBUG :: Iteration 10
2018-06-16 14:11:53,651 :: DEBUG :: Iteration 11
2018-06-16 14:12:03,859 :: DEBUG :: Iteration 12
2018-06-16 14:12:14,066 :: DEBUG :: Iteration 13
2018-06-16 14:12:24,241 :: DEBUG :: Iteration 14
2018-06-16 14:12:34,475 :: DEBUG :: Iteration 15
2018-06-16 14:12:44,649 :: DEBUG :: Iteration 16
2018-06-16 14:13:09,236 :: DEBUG :: Iteration 0
2018-06-16 14:13:10,412 :: DEBUG :: Confidence trop faible (0.39), on r-essaye une mesure (essais restants : 2)
2018-06-16 14:13:43,070 :: DEBUG :: Confidence trop faible (0.39), on r-essaye une mesure (essais restants : 1)
2018-06-16 14:13:59,188 :: DEBUG :: Confidence trop faible (0.39), on r-essaye une mesure (essais restants : 0)
2018-06-16 14:14:24,389 :: DEBUG :: Iteration 1
2018-06-16 14:14:34,578 :: DEBUG :: Iteration 2
2018-06-16 14:14:44,748 :: DEBUG :: Iteration 3
2018-06-16 14:14:54,923 :: DEBUG :: Iteration 4
2018-06-16 14:15:05,102 :: DEBUG :: Iteration 5
2018-06-16 14:15:15,385 :: DEBUG :: Iteration 6
2018-06-16 14:15:25,615 :: DEBUG :: Iteration 7
2018-06-16 14:15:35,805 :: DEBUG :: Iteration 8
2018-06-16 14:15:46,119 :: DEBUG :: Iteration 9
2018-06-16 14:15:56,305 :: DEBUG :: Iteration 10
2018-06-16 14:16:06,515 :: DEBUG :: Iteration 11
2018-06-16 14:16:16,685 :: DEBUG :: Iteration 12
2018-06-16 14:16:26,866 :: DEBUG :: Iteration 13
2018-06-16 14:16:37,046 :: DEBUG :: Iteration 14
2018-06-16 14:16:47,260 :: DEBUG :: Iteration 15
2018-06-16 14:16:57,435 :: DEBUG :: Iteration 16
2018-06-16 14:17:07,606 :: DEBUG :: Iteration 17
2018-06-16 14:17:17,787 :: DEBUG :: Iteration 18
2018-06-16 14:17:28,046 :: DEBUG :: Iteration 19
2018-06-16 14:17:38,340 :: DEBUG :: Iteration 20
2018-06-16 14:17:48,576 :: DEBUG :: Iteration 21
2018-06-16 14:17:59,028 :: DEBUG :: Iteration 22
2018-06-16 14:18:09,498 :: DEBUG :: Iteration 23
2018-06-16 14:18:19,900 :: DEBUG :: Iteration 24
2018-06-16 14:18:30,397 :: DEBUG :: Iteration 25
2018-06-16 14:18:40,877 :: DEBUG :: Iteration 26
2018-06-16 14:18:51,054 :: DEBUG :: Iteration 27
2018-06-16 14:19:01,225 :: DEBUG :: Iteration 28
2018-06-16 14:19:11,435 :: DEBUG :: Iteration 29
2018-06-16 14:19:12,559 :: DEBUG :: Confidence trop faible (0.39), on r-essaye une mesure (essais restants : 2)
2018-06-16 14:19:28,682 :: DEBUG :: Confidence trop faible (0.39), on r-essaye une mesure (essais restants : 1)
2018-06-16 14:19:44,815 :: DEBUG :: Confidence trop faible (0.39), on r-essaye une mesure (essais restants : 0)
2018-06-16 14:20:39,506 :: DEBUG :: Iteration 0
2018-06-16 14:20:40,696 :: DEBUG :: Confidence trop faible (0.39), on r-essaye une mesure (essais restants : 2)
2018-06-16 14:21:07,750 :: DEBUG :: Confidence trop faible (0.39), on r-essaye une mesure (essais restants : 1)
2018-06-16 14:21:23,905 :: DEBUG :: Confidence trop faible (0.39), on r-essaye une mesure (essais restants : 0)
2018-06-16 14:21:49,043 :: DEBUG :: Iteration 1
2018-06-16 14:21:59,163 :: DEBUG :: Iteration 2
2018-06-16 14:22:09,284 :: DEBUG :: Iteration 3
2018-06-16 14:22:19,413 :: DEBUG :: Iteration 4
2018-06-16 14:22:29,556 :: DEBUG :: Iteration 5
2018-06-16 14:22:39,706 :: DEBUG :: Iteration 6
2018-06-16 14:22:49,823 :: DEBUG :: Iteration 7
2018-06-16 14:22:59,954 :: DEBUG :: Iteration 8
2018-06-16 14:23:10,107 :: DEBUG :: Iteration 9
2018-06-16 14:23:20,223 :: DEBUG :: Iteration 10
2018-06-16 14:23:30,380 :: DEBUG :: Iteration 11
2018-06-16 14:23:40,526 :: DEBUG :: Iteration 12
2018-06-16 14:23:50,643 :: DEBUG :: Iteration 13
2018-06-16 14:24:00,829 :: DEBUG :: Iteration 14
2018-06-16 14:24:10,961 :: DEBUG :: Iteration 15
2018-06-16 14:24:21,141 :: DEBUG :: Iteration 16
2018-06-16 14:24:31,255 :: DEBUG :: Iteration 17
2018-06-16 14:24:54,453 :: DEBUG :: Iteration 0
2018-06-16 14:24:55,632 :: DEBUG :: Confidence trop faible (0.39), on r-essaye une mesure (essais restants : 2)
2018-06-16 14:25:23,153 :: DEBUG :: Confidence trop faible (0.39), on r-essaye une mesure (essais restants : 1)
2018-06-16 14:25:39,288 :: DEBUG :: Confidence trop faible (0.39), on r-essaye une mesure (essais restants : 0)
2018-06-16 14:26:04,432 :: DEBUG :: Iteration 1
2018-06-16 14:26:21,850 :: DEBUG :: Iteration 0
2018-06-16 14:26:22,989 :: DEBUG :: Confidence trop faible (0.39), on r-essaye une mesure (essais restants : 2)
2018-06-16 14:27:09,397 :: DEBUG :: Confidence trop faible (0.39), on r-essaye une mesure (essais restants : 1)
2018-06-16 14:27:25,517 :: INFO :: Envoi de la postion au serveur avec location=c5 et confidence=0.41
2018-06-16 14:28:04,081 :: DEBUG :: Iteration 0
2018-06-16 14:28:05,126 :: INFO :: Envoi de la postion au serveur avec location=c5 et confidence=0.41
2018-06-16 14:28:15,448 :: DEBUG :: Iteration 1
2018-06-16 14:28:25,586 :: DEBUG :: Iteration 2
2018-06-16 14:28:40,791 :: DEBUG :: Iteration 3
2018-06-16 14:28:51,017 :: DEBUG :: Iteration 4
2018-06-16 14:29:01,408 :: DEBUG :: Iteration 5
2018-06-16 14:29:11,529 :: DEBUG :: Iteration 6
2018-06-16 14:29:21,658 :: DEBUG :: Iteration 7
2018-06-16 14:29:31,794 :: DEBUG :: Iteration 8
2018-06-16 14:29:42,134 :: DEBUG :: Iteration 9
2018-06-16 14:29:52,281 :: DEBUG :: Iteration 10
2018-06-16 14:30:02,427 :: DEBUG :: Iteration 11
2018-06-16 14:30:12,552 :: DEBUG :: Iteration 12
2018-06-16 14:30:22,688 :: DEBUG :: Iteration 13
2018-06-16 14:30:32,823 :: DEBUG :: Iteration 14
2018-06-16 14:30:42,987 :: DEBUG :: Iteration 15
2018-06-16 14:30:53,154 :: DEBUG :: Iteration 16
2018-06-16 14:31:03,283 :: DEBUG :: Iteration 17
2018-06-16 14:31:13,429 :: DEBUG :: Iteration 18
2018-06-16 14:31:23,548 :: DEBUG :: Iteration 19
2018-06-16 14:31:33,689 :: DEBUG :: Iteration 20
2018-06-16 14:31:43,835 :: DEBUG :: Iteration 21
2018-06-16 14:31:54,043 :: DEBUG :: Iteration 22
2018-06-16 14:32:04,171 :: DEBUG :: Iteration 23
2018-06-16 14:32:14,307 :: DEBUG :: Iteration 24
2018-06-16 14:32:24,723 :: DEBUG :: Iteration 25
2018-06-16 14:32:34,850 :: DEBUG :: Iteration 26
2018-06-16 14:32:45,010 :: DEBUG :: Iteration 27
2018-06-16 14:32:55,143 :: DEBUG :: Iteration 28
2018-06-16 14:33:05,259 :: DEBUG :: Iteration 29
2018-06-16 14:33:06,350 :: DEBUG :: Confidence trop faible (0.39), on r-essaye une mesure (essais restants : 2)
2018-06-16 14:33:22,480 :: DEBUG :: Confidence trop faible (0.39), on r-essaye une mesure (essais restants : 1)
2018-06-16 14:33:38,614 :: DEBUG :: Confidence trop faible (0.39), on r-essaye une mesure (essais restants : 0)
2018-06-16 14:34:03,784 :: DEBUG :: Iteration 30
2018-06-16 14:34:13,930 :: DEBUG :: Iteration 31
2018-06-16 14:34:24,095 :: DEBUG :: Iteration 32
2018-06-16 14:34:34,286 :: DEBUG :: Iteration 33
2018-06-16 14:34:44,694 :: DEBUG :: Iteration 34
2018-06-16 14:34:54,822 :: DEBUG :: Iteration 35
2018-06-16 14:35:04,934 :: DEBUG :: Iteration 36
2018-06-16 14:35:15,076 :: DEBUG :: Iteration 37
2018-06-16 14:35:37,591 :: DEBUG :: Iteration 0
2018-06-16 14:35:38,648 :: DEBUG :: Confidence trop faible (0.39), on r-essaye une mesure (essais restants : 2)
2018-06-16 14:35:54,786 :: DEBUG :: Confidence trop faible (0.39), on r-essaye une mesure (essais restants : 1)
2018-06-16 14:36:10,915 :: DEBUG :: Confidence trop faible (0.39), on r-essaye une mesure (essais restants : 0)
2018-06-16 14:36:36,056 :: DEBUG :: Iteration 1
2018-06-16 14:36:46,174 :: DEBUG :: Iteration 2
2018-06-16 14:36:56,290 :: DEBUG :: Iteration 3
2018-06-16 18:51:40,711 :: WARNING :: Learning here for c1
2018-06-16 19:17:26,458 :: WARNING :: Learning here for c1
